[2025-03-26 10:36:31,682] WARNING django.request: Not Found: /static/orders/manifest.json
[2025-03-26 10:36:31,756] WARNING django.request: Not Found: /static/orders/css/styles.css
[2025-03-26 10:36:31,799] WARNING django.request: Not Found: /static/orders/js/scripts.js
[2025-03-26 10:36:31,921] WARNING django.request: Not Found: /static/orders/images/logo.png
[2025-03-26 10:36:32,173] WARNING django.request: Not Found: /static/orders/images/image1.jpg
[2025-03-26 10:36:32,214] WARNING django.request: Not Found: /static/orders/images/image2.jpg
[2025-03-26 10:36:32,518] WARNING django.request: Not Found: /static/orders/images/image3.jpg
[2025-03-26 10:36:32,544] WARNING django.request: Not Found: /static/orders/images/image4.jpg
[2025-03-26 10:36:32,565] WARNING django.request: Not Found: /static/orders/images/image8.jpg
[2025-03-26 10:36:32,829] WARNING django.request: Not Found: /static/orders/images/image5.jpg
[2025-03-26 10:36:32,854] WARNING django.request: Not Found: /static/orders/images/image7.jpg
[2025-03-26 10:36:33,024] WARNING django.request: Not Found: /static/orders/files/menu.jpg
[2025-03-26 10:36:33,072] WARNING django.request: Not Found: /static/orders/images/image6.jpg
[2025-03-26 10:36:38,417] WARNING django.request: Not Found: /static/orders/manifest.json
[2025-03-26 10:36:38,665] WARNING django.request: Not Found: /static/orders/js/scripts.js
[2025-03-26 10:36:38,690] WARNING django.request: Not Found: /static/orders/css/styles.css
[2025-03-26 10:36:38,855] WARNING django.request: Not Found: /static/orders/images/image8.jpg
[2025-03-26 10:36:38,973] WARNING django.request: Not Found: /static/orders/images/logo.png
[2025-03-26 10:36:38,981] WARNING django.request: Not Found: /static/orders/images/image5.jpg
[2025-03-26 10:36:38,988] WARNING django.request: Not Found: /static/orders/images/image1.jpg
[2025-03-26 10:36:39,105] WARNING django.request: Not Found: /static/orders/images/image2.jpg
[2025-03-26 10:36:39,117] WARNING django.request: Not Found: /static/orders/images/image7.jpg
[2025-03-26 10:36:39,136] WARNING django.request: Not Found: /static/orders/images/image6.jpg
[2025-03-26 10:36:39,170] WARNING django.request: Not Found: /static/orders/images/image3.jpg
[2025-03-26 10:36:39,171] WARNING django.request: Not Found: /static/orders/images/image4.jpg
[2025-03-26 10:36:39,328] WARNING django.request: Not Found: /static/orders/files/menu.jpg
[2025-03-26 10:36:41,319] WARNING django.request: Not Found: /static/orders/manifest.json
[2025-03-26 10:36:41,599] WARNING django.request: Not Found: /static/orders/js/scripts.js
[2025-03-26 10:36:41,641] WARNING django.request: Not Found: /static/orders/css/styles.css
[2025-03-26 10:36:41,719] WARNING django.request: Not Found: /static/orders/images/logo.png
[2025-03-26 10:36:41,780] WARNING django.request: Not Found: /static/orders/images/image1.jpg
[2025-03-26 10:36:41,819] WARNING django.request: Not Found: /static/orders/images/image8.jpg
[2025-03-26 10:36:41,838] WARNING django.request: Not Found: /static/orders/images/image5.jpg
[2025-03-26 10:36:41,912] WARNING django.request: Not Found: /static/orders/images/image2.jpg
[2025-03-26 10:36:41,959] WARNING django.request: Not Found: /static/orders/images/image7.jpg
[2025-03-26 10:36:42,070] WARNING django.request: Not Found: /static/orders/images/image3.jpg
[2025-03-26 10:36:42,089] WARNING django.request: Not Found: /static/orders/images/image4.jpg
[2025-03-26 10:36:42,093] WARNING django.request: Not Found: /static/orders/images/image6.jpg
[2025-03-26 10:36:42,255] WARNING django.request: Not Found: /static/orders/files/menu.jpg
[2025-03-26 10:39:09,384] WARNING django.request: Not Found: /static/orders/manifest.json
[2025-03-26 10:39:09,451] WARNING django.request: Not Found: /static/orders/css/styles.css
[2025-03-26 10:39:09,678] WARNING django.request: Not Found: /static/orders/js/scripts.js
[2025-03-26 10:39:09,799] WARNING django.request: Not Found: /static/orders/images/logo.png
[2025-03-26 10:39:09,841] WARNING django.request: Not Found: /static/orders/images/image1.jpg
[2025-03-26 10:39:09,851] WARNING django.request: Not Found: /static/orders/images/image8.jpg
[2025-03-26 10:39:09,989] WARNING django.request: Not Found: /static/orders/images/image2.jpg
[2025-03-26 10:39:10,102] WARNING django.request: Not Found: /static/orders/images/image3.jpg
[2025-03-26 10:39:10,123] WARNING django.request: Not Found: /static/orders/images/image4.jpg
[2025-03-26 10:39:10,148] WARNING django.request: Not Found: /static/orders/images/image5.jpg
[2025-03-26 10:39:10,238] WARNING django.request: Not Found: /static/orders/images/image7.jpg
[2025-03-26 10:39:10,350] WARNING django.request: Not Found: /static/orders/images/image6.jpg
[2025-03-26 10:39:10,386] WARNING django.request: Not Found: /static/orders/files/menu.jpg
[2025-03-26 10:39:33,754] WARNING django.request: Not Found: /static/orders/manifest.json
[2025-03-26 10:39:40,689] WARNING django.request: Not Found: /apple-touch-icon-precomposed.png
[2025-03-26 10:39:41,099] WARNING django.request: Not Found: /favicon.ico
[2025-03-26 10:39:41,235] WARNING django.request: Not Found: /apple-touch-icon.png
[2025-03-26 10:39:54,699] WARNING django.request: Not Found: /static/orders/manifest.json
[2025-03-26 11:02:07,152] WARNING django.request: Not Found: /cgi-bin/luci/;stok=/locale
[2025-03-26 11:02:11,972] WARNING django.request: Not Found: /favicon.ico
[2025-03-26 11:02:31,164] WARNING django.request: Not Found: /favicon.ico
[2025-03-26 11:02:40,964] WARNING django.request: Not Found: /cgi-bin/luci/;stok=/locale
[2025-03-26 11:03:24,033] WARNING django.request: Not Found: /cgi-bin/luci/;stok=/locale
[2025-03-26 11:03:41,061] WARNING django.request: Not Found: /cgi-bin/luci/;stok=/domain_login
[2025-03-26 11:04:40,426] WARNING django.request: Not Found: /cgi-bin/luci/;stok=/locale
[2025-03-26 11:05:00,896] WARNING django.request: Not Found: /cgi-bin/luci/;stok=/domain_login
[2025-03-26 11:05:08,637] WARNING django.request: Not Found: /cgi-bin/luci/;stok=/locale
[2025-03-26 11:05:37,027] WARNING django.request: Not Found: /favicon.ico
[2025-03-26 11:05:48,613] WARNING django.request: Not Found: /favicon.ico
[2025-03-26 11:06:16,652] WARNING django.request: Not Found: /cgi-bin/luci/;stok=/locale
[2025-03-26 11:07:07,262] WARNING django.request: Not Found: /favicon.ico
[2025-03-26 11:07:14,230] WARNING django.request: Not Found: /cgi-bin/luci/;stok=/locale
[2025-03-26 11:07:40,479] WARNING django.request: Not Found: /cgi-bin/luci/;stok=/domain_login
[2025-03-26 11:07:47,377] WARNING django.request: Not Found: /cgi-bin/luci/;stok=/locale
[2025-03-26 11:08:02,526] WARNING django.request: Not Found: /static/orders/manifest.json
[2025-03-26 11:08:02,666] WARNING django.request: Not Found: /favicon.ico
[2025-03-26 11:08:36,729] WARNING django.request: Not Found: /cgi-bin/luci/;stok=/domain_login
[2025-03-26 11:08:37,829] WARNING django.request: Not Found: /favicon.ico
[2025-03-26 11:08:54,808] WARNING django.request: Not Found: /cgi-bin/luci/;stok=/locale
[2025-03-26 11:09:01,408] WARNING django.request: Not Found: /cgi-bin/luci/;stok=/locale
[2025-03-26 11:10:12,415] WARNING django.request: Not Found: /cgi-bin/luci/;stok=/locale
[2025-03-26 11:11:08,802] WARNING django.request: Not Found: /cgi-bin/luci/;stok=/locale
[2025-03-26 11:11:15,562] WARNING django.request: Not Found: /cgi-bin/luci/;stok=/domain_login
[2025-03-26 11:11:29,933] WARNING django.request: Not Found: /cgi-bin/luci/;stok=/locale
[2025-03-26 11:12:22,895] WARNING django.request: Not Found: /cgi-bin/luci/;stok=/domain_login
[2025-03-26 11:12:25,972] WARNING django.request: Not Found: /cgi-bin/luci/;stok=/locale
[2025-03-26 11:12:55,638] WARNING django.request: Not Found: /cgi-bin/luci/;stok=/locale
[2025-03-26 11:14:12,106] WARNING django.request: Not Found: /cgi-bin/luci/;stok=/locale
[2025-03-26 11:14:37,964] WARNING django.request: Not Found: /favicon.ico
[2025-03-26 11:14:46,949] WARNING django.request: Not Found: /cgi-bin/luci/;stok=/domain_login
[2025-03-26 11:14:53,222] WARNING django.request: Not Found: /favicon.ico
[2025-03-26 11:15:33,235] WARNING django.request: Not Found: /cgi-bin/luci/;stok=/locale
[2025-03-26 11:15:44,509] WARNING django.request: Not Found: /cgi-bin/luci/;stok=/locale
[2025-03-26 11:15:49,966] WARNING django.request: Not Found: /favicon.ico
[2025-03-26 11:16:05,838] WARNING django.request: Not Found: /cgi-bin/luci/;stok=/domain_login
[2025-03-26 11:16:30,013] WARNING django.request: Not Found: /cgi-bin/luci/;stok=/locale
[2025-03-26 11:16:34,372] WARNING django.request: Not Found: /cgi-bin/luci/;stok=/locale
[2025-03-26 11:16:42,971] WARNING django.request: Not Found: /favicon.ico
[2025-03-26 11:17:32,979] WARNING django.request: Not Found: /cgi-bin/luci/;stok=/locale
[2025-03-26 11:18:32,208] WARNING django.request: Not Found: /cgi-bin/luci/;stok=/domain_login
[2025-03-26 11:19:09,929] WARNING django.request: Not Found: /cgi-bin/luci/;stok=/locale
[2025-03-26 11:19:29,028] WARNING django.request: Not Found: /cgi-bin/luci/;stok=/locale
[2025-03-26 11:19:37,275] WARNING django.request: Not Found: /cgi-bin/luci/;stok=/domain_login
[2025-03-26 11:20:00,098] WARNING django.request: Not Found: /cgi-bin/luci/;stok=/locale
[2025-03-26 11:20:51,232] WARNING django.request: Not Found: /cgi-bin/luci/;stok=/locale
[2025-03-26 11:21:28,690] WARNING django.request: Not Found: /cgi-bin/luci/;stok=/locale
[2025-03-26 11:21:30,901] WARNING django.request: Not Found: /favicon.ico
[2025-03-26 11:22:17,391] WARNING django.request: Not Found: /cgi-bin/luci/;stok=/domain_login
[2025-03-26 11:22:18,825] WARNING django.request: Not Found: /favicon.ico
[2025-03-26 11:22:51,082] WARNING django.request: Not Found: /cgi-bin/luci/;stok=/locale
[2025-03-26 11:23:25,625] WARNING django.request: Not Found: /cgi-bin/luci/;stok=/domain_login
[2025-03-26 11:23:54,527] WARNING django.request: Not Found: /cgi-bin/luci/;stok=/locale
[2025-03-26 11:25:04,923] WARNING django.request: Not Found: /cgi-bin/luci/;stok=/locale
[2025-03-26 11:37:10,708] WARNING django.request: Not Found: /cgi-bin/luci/;stok=/locale
[2025-03-26 11:37:30,579] WARNING django.request: Not Found: /cgi-bin/luci/;stok=/locale
[2025-03-26 11:37:33,403] WARNING django.request: Not Found: /cgi-bin/luci/;stok=/domain_login
[2025-03-26 11:38:24,818] WARNING django.request: Not Found: /cgi-bin/luci/;stok=/locale
[2025-03-26 11:38:25,026] WARNING django.request: Not Found: /cgi-bin/luci/;stok=/locale
[2025-03-26 11:41:58,390] WARNING django.request: Not Found: /cgi-bin/luci/;stok=/domain_login
[2025-03-26 11:41:58,750] WARNING django.request: Not Found: /apple-touch-icon-precomposed.png
[2025-03-26 11:41:59,104] WARNING django.request: Not Found: /apple-touch-icon.png
[2025-03-26 11:41:59,172] WARNING django.request: Not Found: /favicon.ico
[2025-03-26 11:42:36,919] WARNING django.request: Not Found: /cgi-bin/luci/;stok=/locale
[2025-03-26 11:42:54,387] WARNING django.request: Not Found: /cgi-bin/luci/;stok=/domain_login
[2025-03-26 11:43:04,074] WARNING django.request: Not Found: /cgi-bin/luci/;stok=/locale
[2025-03-26 11:45:16,584] WARNING django.request: Not Found: /cgi-bin/luci/;stok=/locale
[2025-03-26 11:45:35,502] WARNING django.request: Not Found: /cgi-bin/luci/;stok=/domain_login
[2025-03-26 11:46:29,797] WARNING django.request: Not Found: /cgi-bin/luci/;stok=/locale
[2025-03-26 11:46:35,137] WARNING django.request: Not Found: /cgi-bin/luci/;stok=/domain_login
[2025-03-26 11:48:01,630] WARNING django.request: Not Found: /cgi-bin/luci/;stok=/locale
[2025-03-26 11:48:15,532] WARNING django.request: Not Found: /cgi-bin/luci/;stok=/locale
[2025-03-26 11:48:55,028] WARNING django.request: Not Found: /cgi-bin/luci/;stok=/locale
[2025-03-26 11:49:12,919] WARNING django.request: Not Found: /cgi-bin/luci/;stok=/locale
[2025-03-26 11:49:36,738] WARNING django.request: Not Found: /cgi-bin/luci/;stok=/domain_login
[2025-03-26 11:50:37,164] WARNING django.request: Not Found: /cgi-bin/luci/;stok=/domain_login
[2025-03-26 11:51:07,262] WARNING django.request: Not Found: /cgi-bin/luci/;stok=/locale
[2025-03-26 11:53:01,015] WARNING django.request: Not Found: /cgi-bin/luci/;stok=/locale
[2025-03-26 11:53:22,679] WARNING django.request: Not Found: /cgi-bin/luci/;stok=/domain_login
[2025-03-26 11:53:56,008] WARNING django.request: Not Found: /cgi-bin/luci/;stok=/locale
[2025-03-26 11:54:00,739] WARNING django.request: Not Found: /cgi-bin/luci/;stok=/locale
[2025-03-26 11:54:40,116] WARNING django.request: Not Found: /cgi-bin/luci/;stok=/locale
[2025-03-26 11:54:40,805] WARNING django.request: Not Found: /cgi-bin/luci/;stok=/domain_login
[2025-03-26 11:55:45,379] WARNING django.request: Not Found: /cgi-bin/luci/;stok=/locale
[2025-03-26 12:02:05,846] WARNING django.request: Not Found: /cgi-bin/luci/;stok=/domain_login
[2025-03-26 12:03:07,704] WARNING django.request: Not Found: /cgi-bin/luci/;stok=/locale
[2025-03-26 12:04:16,113] WARNING django.request: Not Found: /cgi-bin/luci/;stok=/locale
[2025-03-26 12:04:36,128] WARNING django.request: Not Found: /cgi-bin/luci/;stok=/domain_login
[2025-03-26 12:04:47,737] ERROR django.request: Internal Server Error: /vendors/api/update-order/
[2025-03-26 12:04:50,590] ERROR django.request: Internal Server Error: /vendors/api/update-order/
[2025-03-26 12:04:53,574] ERROR django.request: Internal Server Error: /vendors/api/update-order/
[2025-03-26 12:04:56,512] ERROR django.request: Internal Server Error: /vendors/api/update-order/
[2025-03-26 12:04:59,426] ERROR django.request: Internal Server Error: /vendors/api/update-order/
[2025-03-26 12:05:02,329] ERROR django.request: Internal Server Error: /vendors/api/update-order/
[2025-03-26 12:05:05,231] ERROR django.request: Internal Server Error: /vendors/api/update-order/
[2025-03-26 12:05:24,850] WARNING django.request: Not Found: /cgi-bin/luci/;stok=/locale
[2025-03-26 12:05:40,157] WARNING django.request: Not Found: /cgi-bin/luci/;stok=/domain_login
[2025-03-26 12:05:46,622] WARNING django.request: Bad Request: /vendors/api/update-order/
[2025-03-26 12:05:49,522] WARNING django.request: Bad Request: /vendors/api/update-order/
[2025-03-26 12:05:50,490] WARNING django.request: Not Found: /cgi-bin/luci/;stok=/locale
[2025-03-26 12:05:52,441] WARNING django.request: Bad Request: /vendors/api/update-order/
[2025-03-26 12:05:55,333] WARNING django.request: Bad Request: /vendors/api/update-order/
[2025-03-26 12:05:58,232] WARNING django.request: Bad Request: /vendors/api/update-order/
[2025-03-26 12:06:01,162] WARNING django.request: Bad Request: /vendors/api/update-order/
[2025-03-26 12:06:04,054] WARNING django.request: Bad Request: /vendors/api/update-order/
[2025-03-26 12:06:06,955] WARNING django.request: Bad Request: /vendors/api/update-order/
[2025-03-26 12:06:09,852] WARNING django.request: Bad Request: /vendors/api/update-order/
[2025-03-26 12:06:45,749] ERROR django.request: Internal Server Error: /vendors/api/update-order/
[2025-03-26 12:06:48,681] ERROR django.request: Internal Server Error: /vendors/api/update-order/
[2025-03-26 12:06:51,564] ERROR django.request: Internal Server Error: /vendors/api/update-order/
[2025-03-26 12:06:54,606] ERROR django.request: Internal Server Error: /vendors/api/update-order/
[2025-03-26 12:06:57,560] ERROR django.request: Internal Server Error: /vendors/api/update-order/
[2025-03-26 12:06:58,319] WARNING django.request: Not Found: /cgi-bin/luci/;stok=/locale
[2025-03-26 12:07:00,463] ERROR django.request: Internal Server Error: /vendors/api/update-order/
[2025-03-26 12:07:03,082] WARNING django.request: Not Found: /cgi-bin/luci/;stok=/locale
[2025-03-26 12:07:03,430] ERROR django.request: Internal Server Error: /vendors/api/update-order/
[2025-03-26 12:07:06,331] ERROR django.request: Internal Server Error: /vendors/api/update-order/
[2025-03-26 12:07:09,268] ERROR django.request: Internal Server Error: /vendors/api/update-order/
[2025-03-26 12:07:12,159] ERROR django.request: Internal Server Error: /vendors/api/update-order/
[2025-03-26 12:07:15,115] ERROR django.request: Internal Server Error: /vendors/api/update-order/
[2025-03-26 12:07:18,065] ERROR django.request: Internal Server Error: /vendors/api/update-order/
[2025-03-26 12:07:20,953] ERROR django.request: Internal Server Error: /vendors/api/update-order/
[2025-03-26 12:07:23,877] ERROR django.request: Internal Server Error: /vendors/api/update-order/
[2025-03-26 12:07:26,783] ERROR django.request: Internal Server Error: /vendors/api/update-order/
[2025-03-26 12:07:29,675] ERROR django.request: Internal Server Error: /vendors/api/update-order/
[2025-03-26 12:07:32,583] ERROR django.request: Internal Server Error: /vendors/api/update-order/
[2025-03-26 12:07:35,514] ERROR django.request: Internal Server Error: /vendors/api/update-order/
[2025-03-26 12:07:38,454] ERROR django.request: Internal Server Error: /vendors/api/update-order/
[2025-03-26 12:07:41,379] ERROR django.request: Internal Server Error: /vendors/api/update-order/
[2025-03-26 12:07:44,289] ERROR django.request: Internal Server Error: /vendors/api/update-order/
[2025-03-26 12:07:47,241] ERROR django.request: Internal Server Error: /vendors/api/update-order/
[2025-03-26 12:07:50,181] ERROR django.request: Internal Server Error: /vendors/api/update-order/
[2025-03-26 12:07:53,148] ERROR django.request: Internal Server Error: /vendors/api/update-order/
[2025-03-26 12:07:56,064] ERROR django.request: Internal Server Error: /vendors/api/update-order/
[2025-03-26 12:07:58,973] ERROR django.request: Internal Server Error: /vendors/api/update-order/
[2025-03-26 12:08:01,878] ERROR django.request: Internal Server Error: /vendors/api/update-order/
[2025-03-26 12:08:04,788] ERROR django.request: Internal Server Error: /vendors/api/update-order/
[2025-03-26 12:08:07,709] ERROR django.request: Internal Server Error: /vendors/api/update-order/
[2025-03-26 12:08:10,616] ERROR django.request: Internal Server Error: /vendors/api/update-order/
[2025-03-26 12:08:13,522] ERROR django.request: Internal Server Error: /vendors/api/update-order/
[2025-03-26 12:08:16,450] ERROR django.request: Internal Server Error: /vendors/api/update-order/
[2025-03-26 12:08:16,879] WARNING django.request: Not Found: /cgi-bin/luci/;stok=/locale
[2025-03-26 12:08:19,403] ERROR django.request: Internal Server Error: /vendors/api/update-order/
[2025-03-26 12:08:22,320] ERROR django.request: Internal Server Error: /vendors/api/update-order/
[2025-03-26 12:08:25,246] ERROR django.request: Internal Server Error: /vendors/api/update-order/
[2025-03-26 12:08:28,163] ERROR django.request: Internal Server Error: /vendors/api/update-order/
[2025-03-26 12:08:31,075] ERROR django.request: Internal Server Error: /vendors/api/update-order/
[2025-03-26 12:08:33,964] ERROR django.request: Internal Server Error: /vendors/api/update-order/
[2025-03-26 12:08:34,747] WARNING django.request: Not Found: /cgi-bin/luci/;stok=/domain_login
[2025-03-26 12:08:36,891] ERROR django.request: Internal Server Error: /vendors/api/update-order/
[2025-03-26 12:08:39,798] ERROR django.request: Internal Server Error: /vendors/api/update-order/
[2025-03-26 12:08:42,704] ERROR django.request: Internal Server Error: /vendors/api/update-order/
[2025-03-26 12:09:06,231] WARNING django.request: Not Found: /cgi-bin/luci/;stok=/locale
[2025-03-26 12:10:00,802] WARNING django.request: Not Found: /cgi-bin/luci/;stok=/domain_login
[2025-03-26 12:10:39,513] WARNING django.request: Not Found: /cgi-bin/luci/;stok=/locale
[2025-03-26 12:11:26,744] WARNING django.request: Not Found: /cgi-bin/luci/;stok=/locale
[2025-03-26 12:12:09,578] WARNING django.request: Not Found: /cgi-bin/luci/;stok=/locale
[2025-03-26 12:12:40,281] WARNING django.request: Not Found: /cgi-bin/luci/;stok=/domain_login
[2025-03-26 12:13:16,405] WARNING django.request: Not Found: /cgi-bin/luci/;stok=/locale
[2025-03-26 12:13:26,727] WARNING django.request: Not Found: /cgi-bin/luci/;stok=/locale
[2025-03-26 12:13:29,126] WARNING django.request: Not Found: /cgi-bin/luci/;stok=/domain_login
[2025-03-26 12:14:53,020] WARNING django.request: Not Found: /cgi-bin/luci/;stok=/locale
[2025-03-26 12:16:15,465] WARNING django.request: Not Found: /cgi-bin/luci/;stok=/locale
[2025-03-26 12:16:18,096] WARNING django.request: Not Found: /cgi-bin/luci/;stok=/domain_login
[2025-03-26 12:17:07,928] WARNING django.request: Not Found: /cgi-bin/luci/;stok=/domain_login
[2025-03-26 12:17:33,431] WARNING django.request: Not Found: /cgi-bin/luci/;stok=/locale
[2025-03-26 12:17:47,623] WARNING django.request: Not Found: /cgi-bin/luci/;stok=/locale
[2025-03-26 12:19:02,163] WARNING django.request: Not Found: /cgi-bin/luci/;stok=/locale
[2025-03-26 12:19:07,726] WARNING django.request: Not Found: /cgi-bin/luci/;stok=/locale
[2025-03-26 12:20:15,045] WARNING django.request: Not Found: /cgi-bin/luci/;stok=/locale
[2025-03-26 12:20:16,833] WARNING django.request: Not Found: /cgi-bin/luci/;stok=/domain_login
[2025-03-26 12:21:23,218] WARNING django.request: Not Found: /cgi-bin/luci/;stok=/domain_login
[2025-03-26 12:21:40,841] WARNING django.request: Not Found: /cgi-bin/luci/;stok=/locale
[2025-03-26 12:22:29,130] WARNING django.request: Not Found: /cgi-bin/luci/;stok=/locale
[2025-03-26 12:24:03,449] WARNING django.request: Not Found: /cgi-bin/luci/;stok=/domain_login
[2025-03-26 12:24:16,237] WARNING django.request: Not Found: /cgi-bin/luci/;stok=/locale
[2025-03-26 12:24:30,322] WARNING django.request: Not Found: /cgi-bin/luci/;stok=/locale
[2025-03-26 12:24:34,893] WARNING django.request: Not Found: /RDWeb/Pages/
[2025-03-26 12:25:03,002] WARNING django.request: Not Found: /cgi-bin/luci/;stok=/domain_login
[2025-03-26 12:25:29,906] WARNING django.request: Not Found: /cgi-bin/luci/;stok=/locale
[2025-03-26 12:27:38,657] WARNING django.request: Not Found: /cgi-bin/luci/;stok=/locale
[2025-03-26 12:28:09,732] WARNING django.request: Not Found: /cgi-bin/luci/;stok=/domain_login
[2025-03-26 12:29:07,848] WARNING django.request: Not Found: /cgi-bin/luci/;stok=/domain_login
[2025-03-26 12:29:20,060] WARNING django.request: Not Found: /cgi-bin/luci/;stok=/locale
[2025-03-26 12:30:04,377] WARNING django.request: Not Found: /cgi-bin/luci/;stok=/locale
[2025-03-26 12:31:39,248] WARNING django.request: Not Found: /favicon.ico
[2025-03-26 12:31:44,468] WARNING django.request: Not Found: /robots.txt
[2025-03-26 12:31:50,404] WARNING django.request: Not Found: /sitemap.xml
[2025-03-26 12:31:53,041] WARNING django.request: Not Found: /cgi-bin/luci/;stok=/locale
[2025-03-26 12:32:07,716] WARNING django.request: Not Found: /cgi-bin/luci/;stok=/domain_login
[2025-03-26 12:32:10,113] WARNING django.request: Not Found: /config.json
[2025-03-26 12:32:24,105] WARNING django.request: Not Found: /cgi-bin/luci/;stok=/locale
[2025-03-26 12:33:19,082] WARNING django.request: Not Found: /cgi-bin/luci/;stok=/domain_login
[2025-03-26 12:33:39,469] WARNING django.request: Not Found: /favicon.ico
[2025-03-26 12:33:45,085] WARNING django.request: Not Found: /robots.txt
[2025-03-26 12:33:50,568] WARNING django.request: Not Found: /sitemap.xml
[2025-03-26 12:33:57,669] WARNING django.request: Not Found: /config.json
[2025-03-26 12:34:01,009] WARNING django.request: Not Found: /cgi-bin/luci/;stok=/locale
[2025-03-26 12:35:32,318] WARNING django.request: Not Found: /cgi-bin/luci/;stok=/locale
[2025-03-26 12:35:58,865] WARNING django.request: Not Found: /cgi-bin/luci/;stok=/domain_login
[2025-03-26 12:36:04,773] WARNING django.request: Not Found: /favicon.ico
[2025-03-26 12:36:36,743] WARNING django.request: Not Found: /boaform/admin/formLogin
[2025-03-26 12:36:41,162] WARNING django.request: Not Found: /favicon.ico
[2025-03-26 12:36:51,797] WARNING django.request: Not Found: /cgi-bin/luci/;stok=/domain_login
[2025-03-26 12:37:02,315] WARNING django.request: Not Found: /cgi-bin/luci/;stok=/locale
[2025-03-26 12:37:31,608] WARNING django.request: Not Found: /cgi-bin/luci/;stok=/locale
[2025-03-26 12:38:42,997] WARNING django.request: Not Found: /cgi-bin/luci/;stok=/locale
[2025-03-26 12:39:16,551] WARNING django.request: Not Found: /static/orders/manifest.json
[2025-03-26 12:39:40,846] WARNING django.request: Not Found: /static/orders/manifest.json
[2025-03-26 12:39:42,575] WARNING django.request: Not Found: /static/orders/manifest.json
[2025-03-26 12:39:52,007] WARNING django.request: Not Found: /cgi-bin/luci/;stok=/domain_login
[2025-03-26 12:40:11,644] WARNING django.request: Not Found: /cgi-bin/luci/;stok=/locale
[2025-03-26 12:40:44,465] ERROR django.request: Internal Server Error: /vendors/api/update-order/
[2025-03-26 12:40:47,323] ERROR django.request: Internal Server Error: /vendors/api/update-order/
[2025-03-26 12:40:48,288] WARNING django.request: Not Found: /cgi-bin/luci/;stok=/domain_login
[2025-03-26 12:40:50,259] ERROR django.request: Internal Server Error: /vendors/api/update-order/
[2025-03-26 12:40:53,334] ERROR django.request: Internal Server Error: /vendors/api/update-order/
[2025-03-26 12:40:57,023] ERROR django.request: Internal Server Error: /vendors/api/update-order/
[2025-03-26 12:40:59,883] ERROR django.request: Internal Server Error: /vendors/api/update-order/
[2025-03-26 12:41:02,802] ERROR django.request: Internal Server Error: /vendors/api/update-order/
[2025-03-26 12:41:05,741] ERROR django.request: Internal Server Error: /vendors/api/update-order/
[2025-03-26 12:41:08,679] ERROR django.request: Internal Server Error: /vendors/api/update-order/
[2025-03-26 12:41:09,402] WARNING django.request: Not Found: /cgi-bin/luci/;stok=/locale
[2025-03-26 12:41:11,587] ERROR django.request: Internal Server Error: /vendors/api/update-order/
[2025-03-26 12:41:14,492] ERROR django.request: Internal Server Error: /vendors/api/update-order/
[2025-03-26 12:41:17,431] ERROR django.request: Internal Server Error: /vendors/api/update-order/
[2025-03-26 12:41:20,364] ERROR django.request: Internal Server Error: /vendors/api/update-order/
[2025-03-26 12:41:23,304] ERROR django.request: Internal Server Error: /vendors/api/update-order/
[2025-03-26 12:41:26,214] ERROR django.request: Internal Server Error: /vendors/api/update-order/
[2025-03-26 12:41:29,149] ERROR django.request: Internal Server Error: /vendors/api/update-order/
[2025-03-26 12:41:32,072] ERROR django.request: Internal Server Error: /vendors/api/update-order/
[2025-03-26 12:41:35,007] ERROR django.request: Internal Server Error: /vendors/api/update-order/
[2025-03-26 12:41:37,931] ERROR django.request: Internal Server Error: /vendors/api/update-order/
[2025-03-26 12:41:40,820] ERROR django.request: Internal Server Error: /vendors/api/update-order/
[2025-03-26 12:41:43,790] ERROR django.request: Internal Server Error: /vendors/api/update-order/
[2025-03-26 12:41:46,712] ERROR django.request: Internal Server Error: /vendors/api/update-order/
[2025-03-26 12:41:49,634] ERROR django.request: Internal Server Error: /vendors/api/update-order/
[2025-03-26 12:41:53,760] ERROR django.request: Internal Server Error: /vendors/api/update-order/
[2025-03-26 12:41:56,634] ERROR django.request: Internal Server Error: /vendors/api/update-order/
[2025-03-26 12:41:59,595] ERROR django.request: Internal Server Error: /vendors/api/update-order/
[2025-03-26 12:42:02,343] WARNING django.request: Not Found: /cgi-bin/luci/;stok=/locale
[2025-03-26 12:42:02,499] ERROR django.request: Internal Server Error: /vendors/api/update-order/
[2025-03-26 12:42:05,383] ERROR django.request: Internal Server Error: /vendors/api/update-order/
[2025-03-26 12:42:08,322] ERROR django.request: Internal Server Error: /vendors/api/update-order/
[2025-03-26 12:42:11,226] ERROR django.request: Internal Server Error: /vendors/api/update-order/
[2025-03-26 12:42:14,132] ERROR django.request: Internal Server Error: /vendors/api/update-order/
[2025-03-26 12:42:17,008] ERROR django.request: Internal Server Error: /vendors/api/update-order/
[2025-03-26 12:42:19,931] ERROR django.request: Internal Server Error: /vendors/api/update-order/
[2025-03-26 12:42:22,868] ERROR django.request: Internal Server Error: /vendors/api/update-order/
[2025-03-26 12:42:25,739] ERROR django.request: Internal Server Error: /vendors/api/update-order/
[2025-03-26 12:42:28,696] ERROR django.request: Internal Server Error: /vendors/api/update-order/
[2025-03-26 12:42:31,585] ERROR django.request: Internal Server Error: /vendors/api/update-order/
[2025-03-26 12:42:34,493] ERROR django.request: Internal Server Error: /vendors/api/update-order/
[2025-03-26 12:42:37,416] ERROR django.request: Internal Server Error: /vendors/api/update-order/
[2025-03-26 12:42:40,320] ERROR django.request: Internal Server Error: /vendors/api/update-order/
[2025-03-26 12:42:43,224] ERROR django.request: Internal Server Error: /vendors/api/update-order/
[2025-03-26 12:42:46,133] ERROR django.request: Internal Server Error: /vendors/api/update-order/
[2025-03-26 12:42:48,993] ERROR django.request: Internal Server Error: /vendors/api/update-order/
[2025-03-26 12:42:51,926] ERROR django.request: Internal Server Error: /vendors/api/update-order/
[2025-03-26 12:42:55,568] ERROR django.request: Internal Server Error: /vendors/api/update-order/
[2025-03-26 12:42:58,460] ERROR django.request: Internal Server Error: /vendors/api/update-order/
[2025-03-26 12:43:01,450] ERROR django.request: Internal Server Error: /vendors/api/update-order/
[2025-03-26 12:43:04,312] ERROR django.request: Internal Server Error: /vendors/api/update-order/
[2025-03-26 12:43:07,226] ERROR django.request: Internal Server Error: /vendors/api/update-order/
[2025-03-26 12:43:10,167] ERROR django.request: Internal Server Error: /vendors/api/update-order/
[2025-03-26 12:43:13,041] ERROR django.request: Internal Server Error: /vendors/api/update-order/
[2025-03-26 12:43:16,072] ERROR django.request: Internal Server Error: /vendors/api/update-order/
[2025-03-26 12:43:18,888] ERROR django.request: Internal Server Error: /vendors/api/update-order/
[2025-03-26 12:43:21,787] ERROR django.request: Internal Server Error: /vendors/api/update-order/
[2025-03-26 12:43:24,687] ERROR django.request: Internal Server Error: /vendors/api/update-order/
[2025-03-26 12:43:27,634] ERROR django.request: Internal Server Error: /vendors/api/update-order/
[2025-03-26 12:43:30,508] ERROR django.request: Internal Server Error: /vendors/api/update-order/
[2025-03-26 12:43:33,446] ERROR django.request: Internal Server Error: /vendors/api/update-order/
[2025-03-26 12:43:35,641] WARNING django.request: Not Found: /cgi-bin/luci/;stok=/domain_login
[2025-03-26 12:43:36,396] ERROR django.request: Internal Server Error: /vendors/api/update-order/
[2025-03-26 12:43:39,291] ERROR django.request: Internal Server Error: /vendors/api/update-order/
[2025-03-26 12:43:42,194] ERROR django.request: Internal Server Error: /vendors/api/update-order/
[2025-03-26 12:43:45,098] ERROR django.request: Internal Server Error: /vendors/api/update-order/
[2025-03-26 12:43:45,309] WARNING django.request: Not Found: /cgi-bin/luci/;stok=/locale
[2025-03-26 12:43:48,025] ERROR django.request: Internal Server Error: /vendors/api/update-order/
[2025-03-26 12:43:51,055] ERROR django.request: Internal Server Error: /vendors/api/update-order/
[2025-03-26 12:43:53,949] ERROR django.request: Internal Server Error: /vendors/api/update-order/
[2025-03-26 12:43:56,964] ERROR django.request: Internal Server Error: /vendors/api/update-order/
[2025-03-26 12:43:59,914] ERROR django.request: Internal Server Error: /vendors/api/update-order/
[2025-03-26 12:44:02,836] ERROR django.request: Internal Server Error: /vendors/api/update-order/
[2025-03-26 12:44:05,677] ERROR django.request: Internal Server Error: /vendors/api/update-order/
[2025-03-26 12:44:08,604] ERROR django.request: Internal Server Error: /vendors/api/update-order/
[2025-03-26 12:44:11,539] ERROR django.request: Internal Server Error: /vendors/api/update-order/
[2025-03-26 12:44:14,462] ERROR django.request: Internal Server Error: /vendors/api/update-order/
[2025-03-26 12:44:17,368] ERROR django.request: Internal Server Error: /vendors/api/update-order/
[2025-03-26 12:44:20,245] ERROR django.request: Internal Server Error: /vendors/api/update-order/
[2025-03-26 12:44:23,183] ERROR django.request: Internal Server Error: /vendors/api/update-order/
[2025-03-26 12:44:26,079] ERROR django.request: Internal Server Error: /vendors/api/update-order/
[2025-03-26 12:44:29,053] ERROR django.request: Internal Server Error: /vendors/api/update-order/
[2025-03-26 12:44:31,977] ERROR django.request: Internal Server Error: /vendors/api/update-order/
[2025-03-26 12:44:32,066] WARNING django.request: Not Found: /cgi-bin/luci/;stok=/domain_login
[2025-03-26 12:44:34,851] ERROR django.request: Internal Server Error: /vendors/api/update-order/
[2025-03-26 12:44:37,788] ERROR django.request: Internal Server Error: /vendors/api/update-order/
[2025-03-26 12:44:40,695] ERROR django.request: Internal Server Error: /vendors/api/update-order/
[2025-03-26 12:44:43,427] WARNING django.request: Not Found: /cgi-bin/luci/;stok=/locale
[2025-03-26 12:44:43,680] ERROR django.request: Internal Server Error: /vendors/api/update-order/
[2025-03-26 12:44:46,648] ERROR django.request: Internal Server Error: /vendors/api/update-order/
[2025-03-26 12:44:49,539] ERROR django.request: Internal Server Error: /vendors/api/update-order/
[2025-03-26 12:44:52,539] ERROR django.request: Internal Server Error: /vendors/api/update-order/
[2025-03-26 12:44:55,539] ERROR django.request: Internal Server Error: /vendors/api/update-order/
[2025-03-26 12:44:58,492] ERROR django.request: Internal Server Error: /vendors/api/update-order/
[2025-03-26 12:45:01,414] ERROR django.request: Internal Server Error: /vendors/api/update-order/
[2025-03-26 12:45:04,332] ERROR django.request: Internal Server Error: /vendors/api/update-order/
[2025-03-26 12:45:07,304] ERROR django.request: Internal Server Error: /vendors/api/update-order/
[2025-03-26 12:45:10,304] ERROR django.request: Internal Server Error: /vendors/api/update-order/
[2025-03-26 12:45:13,243] ERROR django.request: Internal Server Error: /vendors/api/update-order/
[2025-03-26 12:45:16,180] ERROR django.request: Internal Server Error: /vendors/api/update-order/
[2025-03-26 12:45:19,088] ERROR django.request: Internal Server Error: /vendors/api/update-order/
[2025-03-26 12:45:21,992] ERROR django.request: Internal Server Error: /vendors/api/update-order/
[2025-03-26 12:45:24,916] ERROR django.request: Internal Server Error: /vendors/api/update-order/
[2025-03-26 12:45:27,867] ERROR django.request: Internal Server Error: /vendors/api/update-order/
[2025-03-26 12:45:30,788] ERROR django.request: Internal Server Error: /vendors/api/update-order/
[2025-03-26 12:45:33,758] ERROR django.request: Internal Server Error: /vendors/api/update-order/
[2025-03-26 12:45:36,664] ERROR django.request: Internal Server Error: /vendors/api/update-order/
[2025-03-26 12:45:39,585] ERROR django.request: Internal Server Error: /vendors/api/update-order/
[2025-03-26 12:45:42,493] ERROR django.request: Internal Server Error: /vendors/api/update-order/
[2025-03-26 12:45:45,380] ERROR django.request: Internal Server Error: /vendors/api/update-order/
[2025-03-26 12:45:48,414] ERROR django.request: Internal Server Error: /vendors/api/update-order/
[2025-03-26 12:45:51,304] ERROR django.request: Internal Server Error: /vendors/api/update-order/
[2025-03-26 12:45:54,211] ERROR django.request: Internal Server Error: /vendors/api/update-order/
[2025-03-26 12:45:57,151] ERROR django.request: Internal Server Error: /vendors/api/update-order/
[2025-03-26 12:46:00,023] ERROR django.request: Internal Server Error: /vendors/api/update-order/
[2025-03-26 12:46:02,945] ERROR django.request: Internal Server Error: /vendors/api/update-order/
[2025-03-26 12:46:05,930] ERROR django.request: Internal Server Error: /vendors/api/update-order/
[2025-03-26 12:46:08,818] ERROR django.request: Internal Server Error: /vendors/api/update-order/
[2025-03-26 12:46:10,848] WARNING django.request: Not Found: /cgi-bin/luci/;stok=/locale
[2025-03-26 12:46:11,760] ERROR django.request: Internal Server Error: /vendors/api/update-order/
[2025-03-26 12:46:14,695] ERROR django.request: Internal Server Error: /vendors/api/update-order/
[2025-03-26 12:46:17,633] ERROR django.request: Internal Server Error: /vendors/api/update-order/
[2025-03-26 12:46:20,573] ERROR django.request: Internal Server Error: /vendors/api/update-order/
[2025-03-26 12:46:23,445] ERROR django.request: Internal Server Error: /vendors/api/update-order/
[2025-03-26 12:46:26,446] ERROR django.request: Internal Server Error: /vendors/api/update-order/
[2025-03-26 12:46:29,352] ERROR django.request: Internal Server Error: /vendors/api/update-order/
[2025-03-26 12:46:32,229] ERROR django.request: Internal Server Error: /vendors/api/update-order/
[2025-03-26 12:46:35,195] ERROR django.request: Internal Server Error: /vendors/api/update-order/
[2025-03-26 12:46:38,072] ERROR django.request: Internal Server Error: /vendors/api/update-order/
[2025-03-26 12:46:41,036] ERROR django.request: Internal Server Error: /vendors/api/update-order/
[2025-03-26 12:46:43,945] ERROR django.request: Internal Server Error: /vendors/api/update-order/
[2025-03-26 12:46:46,867] ERROR django.request: Internal Server Error: /vendors/api/update-order/
[2025-03-26 12:46:49,786] ERROR django.request: Internal Server Error: /vendors/api/update-order/
[2025-03-26 12:46:52,724] ERROR django.request: Internal Server Error: /vendors/api/update-order/
[2025-03-26 12:46:55,648] ERROR django.request: Internal Server Error: /vendors/api/update-order/
[2025-03-26 12:46:58,617] ERROR django.request: Internal Server Error: /vendors/api/update-order/
[2025-03-26 12:47:01,491] ERROR django.request: Internal Server Error: /vendors/api/update-order/
[2025-03-26 12:47:04,429] ERROR django.request: Internal Server Error: /vendors/api/update-order/
[2025-03-26 12:47:05,550] WARNING django.request: Not Found: /cgi-bin/luci/;stok=/domain_login
[2025-03-26 12:47:07,321] ERROR django.request: Internal Server Error: /vendors/api/update-order/
[2025-03-26 12:47:10,176] WARNING django.request: Not Found: /cgi-bin/luci/;stok=/locale
[2025-03-26 12:47:10,289] ERROR django.request: Internal Server Error: /vendors/api/update-order/
[2025-03-26 12:47:17,414] ERROR django.request: Internal Server Error: /vendors/api/update-order/
[2025-03-26 12:47:20,289] ERROR django.request: Internal Server Error: /vendors/api/update-order/
[2025-03-26 12:47:23,211] ERROR django.request: Internal Server Error: /vendors/api/update-order/
[2025-03-26 12:47:26,101] ERROR django.request: Internal Server Error: /vendors/api/update-order/
[2025-03-26 12:47:29,008] ERROR django.request: Internal Server Error: /vendors/api/update-order/
[2025-03-26 12:47:31,902] ERROR django.request: Internal Server Error: /vendors/api/update-order/
[2025-03-26 12:47:34,821] ERROR django.request: Internal Server Error: /vendors/api/update-order/
[2025-03-26 12:47:37,741] ERROR django.request: Internal Server Error: /vendors/api/update-order/
[2025-03-26 12:47:40,651] ERROR django.request: Internal Server Error: /vendors/api/update-order/
[2025-03-26 12:47:43,602] ERROR django.request: Internal Server Error: /vendors/api/update-order/
[2025-03-26 12:47:46,523] ERROR django.request: Internal Server Error: /vendors/api/update-order/
[2025-03-26 12:47:49,398] ERROR django.request: Internal Server Error: /vendors/api/update-order/
[2025-03-26 12:47:55,398] ERROR django.request: Internal Server Error: /vendors/api/update-order/
[2025-03-26 12:48:03,602] ERROR django.request: Internal Server Error: /vendors/api/update-order/
[2025-03-26 12:48:05,415] WARNING django.request: Not Found: /cgi-bin/luci/;stok=/locale
[2025-03-26 12:48:06,587] ERROR django.request: Internal Server Error: /vendors/api/update-order/
[2025-03-26 12:48:09,570] ERROR django.request: Internal Server Error: /vendors/api/update-order/
[2025-03-26 12:48:12,524] ERROR django.request: Internal Server Error: /vendors/api/update-order/
[2025-03-26 12:48:15,523] ERROR django.request: Internal Server Error: /vendors/api/update-order/
[2025-03-26 12:48:18,445] ERROR django.request: Internal Server Error: /vendors/api/update-order/
[2025-03-26 12:48:21,400] ERROR django.request: Internal Server Error: /vendors/api/update-order/
[2025-03-26 12:48:24,337] ERROR django.request: Internal Server Error: /vendors/api/update-order/
[2025-03-26 12:48:26,669] WARNING django.request: Not Found: /cgi-bin/luci/;stok=/domain_login
[2025-03-26 12:48:27,245] ERROR django.request: Internal Server Error: /vendors/api/update-order/
[2025-03-26 12:48:30,195] ERROR django.request: Internal Server Error: /vendors/api/update-order/
[2025-03-26 12:48:33,102] ERROR django.request: Internal Server Error: /vendors/api/update-order/
[2025-03-26 12:48:36,054] ERROR django.request: Internal Server Error: /vendors/api/update-order/
[2025-03-26 12:48:38,911] ERROR django.request: Internal Server Error: /vendors/api/update-order/
[2025-03-26 12:48:41,789] ERROR django.request: Internal Server Error: /vendors/api/update-order/
[2025-03-26 12:48:44,713] ERROR django.request: Internal Server Error: /vendors/api/update-order/
[2025-03-26 12:48:47,617] ERROR django.request: Internal Server Error: /vendors/api/update-order/
[2025-03-26 12:48:51,992] ERROR django.request: Internal Server Error: /vendors/api/update-order/
[2025-03-26 12:48:54,992] ERROR django.request: Internal Server Error: /vendors/api/update-order/
[2025-03-26 12:48:57,975] ERROR django.request: Internal Server Error: /vendors/api/update-order/
[2025-03-26 12:49:01,942] ERROR django.request: Internal Server Error: /vendors/api/update-order/
[2025-03-26 12:49:04,835] ERROR django.request: Internal Server Error: /vendors/api/update-order/
[2025-03-26 12:49:07,744] ERROR django.request: Internal Server Error: /vendors/api/update-order/
[2025-03-26 12:49:10,697] ERROR django.request: Internal Server Error: /vendors/api/update-order/
[2025-03-26 12:49:13,617] ERROR django.request: Internal Server Error: /vendors/api/update-order/
[2025-03-26 12:49:16,539] ERROR django.request: Internal Server Error: /vendors/api/update-order/
[2025-03-26 12:49:18,111] WARNING django.request: Not Found: /favicon.ico
[2025-03-26 12:49:19,417] ERROR django.request: Internal Server Error: /vendors/api/update-order/
[2025-03-26 12:49:21,839] WARNING django.request: Not Found: /cgi-bin/luci/;stok=/locale
[2025-03-26 12:49:22,385] ERROR django.request: Internal Server Error: /vendors/api/update-order/
[2025-03-26 12:49:25,242] ERROR django.request: Internal Server Error: /vendors/api/update-order/
[2025-03-26 12:49:28,170] ERROR django.request: Internal Server Error: /vendors/api/update-order/
[2025-03-26 12:49:31,114] ERROR django.request: Internal Server Error: /vendors/api/update-order/
[2025-03-26 12:49:34,009] ERROR django.request: Internal Server Error: /vendors/api/update-order/
[2025-03-26 12:49:36,945] ERROR django.request: Internal Server Error: /vendors/api/update-order/
[2025-03-26 12:49:39,857] ERROR django.request: Internal Server Error: /vendors/api/update-order/
[2025-03-26 12:49:42,757] ERROR django.request: Internal Server Error: /vendors/api/update-order/
[2025-03-26 12:49:45,667] ERROR django.request: Internal Server Error: /vendors/api/update-order/
[2025-03-26 12:49:48,570] ERROR django.request: Internal Server Error: /vendors/api/update-order/
[2025-03-26 12:49:51,707] ERROR django.request: Internal Server Error: /vendors/api/update-order/
[2025-03-26 12:49:54,585] ERROR django.request: Internal Server Error: /vendors/api/update-order/
[2025-03-26 12:49:57,651] ERROR django.request: Internal Server Error: /vendors/api/update-order/
[2025-03-26 12:50:00,572] ERROR django.request: Internal Server Error: /vendors/api/update-order/
[2025-03-26 12:50:03,510] ERROR django.request: Internal Server Error: /vendors/api/update-order/
[2025-03-26 12:50:06,430] ERROR django.request: Internal Server Error: /vendors/api/update-order/
[2025-03-26 12:50:09,354] ERROR django.request: Internal Server Error: /vendors/api/update-order/
[2025-03-26 12:50:12,243] ERROR django.request: Internal Server Error: /vendors/api/update-order/
[2025-03-26 12:50:15,165] ERROR django.request: Internal Server Error: /vendors/api/update-order/
[2025-03-26 12:50:18,069] ERROR django.request: Internal Server Error: /vendors/api/update-order/
[2025-03-26 12:50:20,983] ERROR django.request: Internal Server Error: /vendors/api/update-order/
[2025-03-26 12:50:23,881] ERROR django.request: Internal Server Error: /vendors/api/update-order/
[2025-03-26 12:50:26,789] ERROR django.request: Internal Server Error: /vendors/api/update-order/
[2025-03-26 12:50:29,666] ERROR django.request: Internal Server Error: /vendors/api/update-order/
[2025-03-26 12:50:32,620] ERROR django.request: Internal Server Error: /vendors/api/update-order/
[2025-03-26 12:50:35,539] ERROR django.request: Internal Server Error: /vendors/api/update-order/
[2025-03-26 12:50:38,445] ERROR django.request: Internal Server Error: /vendors/api/update-order/
[2025-03-26 12:50:41,351] ERROR django.request: Internal Server Error: /vendors/api/update-order/
[2025-03-26 12:50:47,333] WARNING django.request: Not Found: /cgi-bin/luci/;stok=/locale
[2025-03-26 12:50:55,242] WARNING django.request: Not Found: /cgi-bin/luci/;stok=/domain_login
[2025-03-26 12:51:07,327] ERROR django.request: Internal Server Error: /vendors/api/update-order/
[2025-03-26 12:51:09,505] ERROR django.request: Internal Server Error: /vendors/api/update-order/
[2025-03-26 12:51:12,429] ERROR django.request: Internal Server Error: /vendors/api/update-order/
[2025-03-26 12:51:15,364] ERROR django.request: Internal Server Error: /vendors/api/update-order/
[2025-03-26 12:51:18,274] ERROR django.request: Internal Server Error: /vendors/api/update-order/
[2025-03-26 12:51:21,168] ERROR django.request: Internal Server Error: /vendors/api/update-order/
[2025-03-26 12:51:24,116] ERROR django.request: Internal Server Error: /vendors/api/update-order/
[2025-03-26 12:51:27,039] ERROR django.request: Internal Server Error: /vendors/api/update-order/
[2025-03-26 12:51:29,916] ERROR django.request: Internal Server Error: /vendors/api/update-order/
[2025-03-26 12:51:32,819] ERROR django.request: Internal Server Error: /vendors/api/update-order/
[2025-03-26 12:51:35,773] ERROR django.request: Internal Server Error: /vendors/api/update-order/
[2025-03-26 12:51:38,661] ERROR django.request: Internal Server Error: /vendors/api/update-order/
[2025-03-26 12:51:41,665] ERROR django.request: Internal Server Error: /vendors/api/update-order/
[2025-03-26 12:51:44,492] ERROR django.request: Internal Server Error: /vendors/api/update-order/
[2025-03-26 12:51:47,430] ERROR django.request: Internal Server Error: /vendors/api/update-order/
[2025-03-26 12:51:50,352] ERROR django.request: Internal Server Error: /vendors/api/update-order/
[2025-03-26 12:51:53,352] ERROR django.request: Internal Server Error: /vendors/api/update-order/
[2025-03-26 12:51:56,322] ERROR django.request: Internal Server Error: /vendors/api/update-order/
[2025-03-26 12:51:59,242] ERROR django.request: Internal Server Error: /vendors/api/update-order/
[2025-03-26 12:52:02,196] ERROR django.request: Internal Server Error: /vendors/api/update-order/
[2025-03-26 12:52:05,085] ERROR django.request: Internal Server Error: /vendors/api/update-order/
[2025-03-26 12:52:08,007] ERROR django.request: Internal Server Error: /vendors/api/update-order/
[2025-03-26 12:52:10,914] ERROR django.request: Internal Server Error: /vendors/api/update-order/
[2025-03-26 12:52:13,873] ERROR django.request: Internal Server Error: /vendors/api/update-order/
[2025-03-26 12:52:16,823] ERROR django.request: Internal Server Error: /vendors/api/update-order/
[2025-03-26 12:52:19,868] ERROR django.request: Internal Server Error: /vendors/api/update-order/
[2025-03-26 12:52:22,741] ERROR django.request: Internal Server Error: /vendors/api/update-order/
[2025-03-26 12:52:25,695] ERROR django.request: Internal Server Error: /vendors/api/update-order/
[2025-03-26 12:52:28,617] ERROR django.request: Internal Server Error: /vendors/api/update-order/
[2025-03-26 12:53:58,901] WARNING django.request: Not Found: /cgi-bin/luci/;stok=/locale
[2025-03-26 12:55:03,073] WARNING django.request: Not Found: /cgi-bin/luci/;stok=/domain_login
[2025-03-26 12:55:05,220] WARNING django.request: Not Found: /cgi-bin/luci/;stok=/locale
[2025-03-26 12:55:38,656] WARNING django.request: Not Found: /cgi-bin/luci/;stok=/domain_login
[2025-03-26 12:56:28,261] WARNING django.request: Not Found: /cgi-bin/luci/;stok=/locale
[2025-03-26 12:57:37,539] WARNING django.request: Not Found: /cgi-bin/luci/;stok=/locale
[2025-03-26 12:58:45,252] WARNING django.request: Not Found: /cgi-bin/luci/;stok=/domain_login
[2025-03-26 12:58:46,578] WARNING django.request: Not Found: /cgi-bin/luci/;stok=/locale
[2025-03-26 12:59:32,719] WARNING django.request: Not Found: /cgi-bin/luci/;stok=/domain_login
[2025-03-26 12:59:32,893] WARNING django.request: Not Found: /cgi-bin/luci/;stok=/locale
[2025-03-26 13:01:24,445] WARNING django.request: Not Found: /cgi-bin/luci/;stok=/locale
[2025-03-26 13:02:35,965] WARNING django.request: Not Found: /cgi-bin/luci/;stok=/locale
[2025-03-26 13:03:12,190] WARNING django.request: Method Not Allowed: /vendors/api/update-order/
[2025-03-26 13:03:20,656] WARNING django.request: Method Not Allowed: /vendors/api/update-order/
[2025-03-26 13:08:28,519] WARNING django.request: Method Not Allowed: /vendors/api/update-order/
[2025-03-26 13:09:07,407] WARNING django.request: Method Not Allowed: /vendors/api/update-order/
[2025-03-26 13:24:14,673] WARNING django.request: Not Found: /cgi-bin/luci/;stok=/domain_login
[2025-03-26 13:25:39,069] WARNING django.request: Not Found: /favicon.ico
[2025-03-26 13:25:45,582] WARNING django.request: Not Found: /cgi-bin/luci/;stok=/domain_login
[2025-03-26 13:28:19,988] WARNING django.request: Not Found: /cgi-bin/luci/;stok=/domain_login
[2025-03-26 13:29:40,201] WARNING django.request: Not Found: /cgi-bin/luci/;stok=/domain_login
[2025-03-26 13:30:43,483] WARNING django.request: Not Found: /boaform/admin/formLogin
[2025-03-26 13:31:59,039] WARNING django.request: Not Found: /cgi-bin/luci/;stok=/domain_login
[2025-03-26 13:33:02,294] WARNING django.request: Not Found: /cgi-bin/luci/;stok=/domain_login
[2025-03-26 13:35:51,499] WARNING django.request: Not Found: /cgi-bin/luci/;stok=/domain_login
[2025-03-26 13:36:52,924] WARNING django.request: Not Found: /cgi-bin/luci/;stok=/locale
[2025-03-26 13:37:02,043] WARNING django.request: Not Found: /cgi-bin/luci/;stok=/domain_login
[2025-03-26 13:38:05,720] WARNING django.request: Not Found: /cgi-bin/luci/;stok=/locale
[2025-03-26 13:39:00,228] WARNING django.request: Not Found: /cgi-bin/luci/;stok=/locale
[2025-03-26 13:40:44,919] WARNING django.request: Not Found: /cgi-bin/luci/;stok=/locale
[2025-03-26 13:41:48,469] WARNING django.request: Not Found: /cgi-bin/luci/;stok=/locale
[2025-03-26 13:42:51,716] WARNING django.request: Not Found: /cgi-bin/luci/;stok=/locale
[2025-03-26 13:44:04,245] WARNING django.request: Not Found: /cgi-bin/luci/;stok=/locale
[2025-03-26 13:45:20,916] WARNING django.request: Not Found: /cgi-bin/luci/;stok=/locale
[2025-03-26 13:46:51,686] WARNING django.request: Not Found: /cgi-bin/luci/;stok=/locale
[2025-03-26 13:48:10,909] WARNING django.request: Not Found: /cgi-bin/luci/;stok=/locale
[2025-03-26 13:49:35,940] WARNING django.request: Not Found: /cgi-bin/luci/;stok=/locale
[2025-03-26 13:57:50,268] WARNING django.request: Not Found: /boaform/admin/formLogin
[2025-03-26 13:59:30,492] WARNING django.request: Not Found: /.env
[2025-03-26 13:59:41,729] WARNING django.request: Not Found: /backend/.env
[2025-03-26 13:59:42,314] WARNING django.request: Not Found: /api/.env
[2025-03-26 13:59:43,464] WARNING django.request: Not Found: /info/
[2025-03-26 13:59:44,082] WARNING django.request: Not Found: /app_dev.php/_profiler/open
[2025-03-26 13:59:45,281] WARNING django.request: Not Found: /.env.example
[2025-03-26 13:59:45,834] WARNING django.request: Not Found: /phpinfo.php
[2025-03-26 13:59:46,421] WARNING django.request: Not Found: /.env.production
[2025-03-26 14:00:45,056] WARNING django.request: Not Found: /app_dev.php/_profiler/phpinfo
[2025-03-26 14:00:49,059] WARNING django.request: Not Found: /demo/.env
[2025-03-26 14:00:49,669] WARNING django.request: Not Found: /app/.env
[2025-03-26 14:00:51,732] WARNING django.request: Not Found: /core/.env
[2025-03-26 14:00:52,292] WARNING django.request: Not Found: /.aws/credentials
[2025-03-26 14:00:52,829] WARNING django.request: Not Found: /boot/.env
[2025-03-26 14:00:54,224] WARNING django.request: Not Found: /run/.env
[2025-03-26 14:00:56,530] WARNING django.request: Not Found: /proc/.env
[2025-03-26 14:00:57,108] WARNING django.request: Not Found: /v2/.env
[2025-03-26 14:00:57,710] WARNING django.request: Not Found: /getcfg.php
[2025-03-26 14:00:58,309] WARNING django.request: Not Found: /cp/.env
[2025-03-26 14:00:58,886] WARNING django.request: Not Found: /ads/.env
[2025-03-26 14:00:59,519] WARNING django.request: Not Found: /config/aws.yml
[2025-03-26 14:01:00,084] WARNING django.request: Not Found: /opt/.env
[2025-03-26 14:01:00,654] WARNING django.request: Not Found: /Api/.env
[2025-03-26 14:01:01,237] WARNING django.request: Not Found: /App/.env
[2025-03-26 14:01:01,928] WARNING django.request: Not Found: /psnlink/.env
[2025-03-26 14:01:05,356] WARNING django.request: Not Found: /css/.env
[2025-03-26 14:01:05,922] WARNING django.request: Not Found: /error/.env
[2025-03-26 14:01:06,600] WARNING django.request: Not Found: /div/.env
[2025-03-26 14:01:07,158] WARNING django.request: Not Found: /theme/.env
[2025-03-26 14:01:07,742] WARNING django.request: Not Found: /well-known/.env
[2025-03-26 14:01:08,356] WARNING django.request: Not Found: /old.env
[2025-03-26 14:01:09,090] WARNING django.request: Not Found: /login/.env
[2025-03-26 14:01:09,627] WARNING django.request: Not Found: /environments/local/.env
[2025-03-26 14:01:10,205] WARNING django.request: Not Found: /environments/production/.env
[2025-03-26 14:01:10,792] WARNING django.request: Not Found: /engine/.env
[2025-03-26 14:01:11,399] WARNING django.request: Not Found: /scripts/.env
[2025-03-26 14:01:12,073] WARNING django.request: Not Found: /styles/.env
[2025-03-26 14:01:12,635] WARNING django.request: Not Found: /inc/.env
[2025-03-26 14:30:26,118] WARNING django.request: Not Found: /favicon.ico
[2025-03-26 14:30:51,725] WARNING django.request: Not Found: /static/orders/manifest.json
[2025-03-26 14:33:23,987] WARNING django.request: Not Found: /boaform/admin/formLogin
[2025-03-26 14:46:04,781] WARNING django.request: Not Found: /favicon.ico
[2025-03-26 14:46:22,151] WARNING django.request: Not Found: /favicon.ico
[2025-03-26 14:47:30,356] WARNING django.request: Not Found: /favicon.ico
[2025-03-26 14:47:59,703] WARNING django.request: Not Found: /geoserver/web/
[2025-03-26 14:57:24,344] WARNING django.request: Not Found: /staticfiles/orders/css/styles.css
[2025-03-26 15:19:38,091] WARNING django.request: Not Found: /cgi-bin/luci/;stok=/domain_login
[2025-03-26 15:21:01,875] WARNING django.request: Not Found: /cgi-bin/luci/;stok=/domain_login
[2025-03-26 15:21:52,524] WARNING django.request: Not Found: /boaform/admin/formLogin
[2025-03-26 15:23:23,761] WARNING django.request: Not Found: /favicon.ico
[2025-03-26 15:23:27,435] WARNING django.request: Not Found: /favicon.ico
[2025-03-26 15:23:40,070] WARNING django.request: Not Found: /cgi-bin/luci/;stok=/domain_login
[2025-03-26 15:24:50,251] WARNING django.request: Not Found: /cgi-bin/luci/;stok=/domain_login
[2025-03-26 15:25:45,147] WARNING django.request: Not Found: /favicon.ico
[2025-03-26 15:27:38,259] WARNING django.request: Not Found: /cgi-bin/luci/;stok=/domain_login
[2025-03-26 15:28:38,263] WARNING django.request: Not Found: /cgi-bin/luci/;stok=/domain_login
[2025-03-26 15:31:03,487] WARNING django.request: Not Found: /cgi-bin/luci/;stok=/domain_login
[2025-03-26 15:32:19,085] WARNING django.request: Not Found: /cgi-bin/luci/;stok=/domain_login
[2025-03-26 15:35:13,169] WARNING django.request: Not Found: /cgi-bin/luci/;stok=/domain_login
[2025-03-26 15:35:37,078] WARNING django.request: Not Found: /boaform/admin/formLogin
[2025-03-26 15:36:27,865] WARNING django.request: Not Found: /cgi-bin/luci/;stok=/domain_login
[2025-03-26 15:39:05,403] WARNING django.request: Not Found: /cgi-bin/luci/;stok=/domain_login
[2025-03-26 15:40:30,556] WARNING django.request: Not Found: /cgi-bin/luci/;stok=/domain_login
[2025-03-26 15:43:02,145] WARNING django.request: Not Found: /cgi-bin/luci/;stok=/domain_login
[2025-03-26 15:44:12,808] WARNING django.request: Not Found: /cgi-bin/luci/;stok=/domain_login
[2025-03-26 15:46:47,380] WARNING django.request: Not Found: /cgi-bin/luci/;stok=/domain_login
[2025-03-26 15:47:18,021] WARNING django.request: Not Found: /favicon.ico
[2025-03-26 15:47:51,258] WARNING django.request: Not Found: /cgi-bin/luci/;stok=/domain_login
[2025-03-26 15:50:18,359] WARNING django.request: Not Found: /cgi-bin/luci/;stok=/domain_login
[2025-03-26 15:51:46,651] WARNING django.request: Not Found: /cgi-bin/luci/;stok=/domain_login
[2025-03-26 15:56:47,993] WARNING django.request: Not Found: /favicon.ico
[2025-03-26 16:07:41,238] WARNING django.request: Not Found: /webui/
[2025-03-26 16:11:30,866] WARNING django.request: Not Found: /favicon.ico
[2025-03-26 16:18:53,924] WARNING django.request: Not Found: /geoserver/web/
[2025-03-26 16:21:44,238] WARNING django.request: Not Found: /.git/config
[2025-03-26 16:27:43,270] WARNING django.request: Not Found: /robots.txt
[2025-03-26 16:33:06,697] WARNING django.request: Not Found: /boaform/admin/formLogin
[2025-03-27 16:57:29,620] WARNING django.request: Not Found: /favicon.ico
[2025-03-27 16:58:05,487] WARNING django.request: Not Found: /favicon.ico
[2025-03-27 16:59:24,393] WARNING django.request: Not Found: /favicon.ico
[2025-03-27 17:00:38,720] WARNING django.request: Not Found: /favicon.ico
[2025-03-27 17:00:45,006] WARNING django.request: Not Found: /favicon.ico
[2025-03-27 17:01:49,377] WARNING django.request: Not Found: /favicon.ico
[2025-03-27 17:02:41,260] WARNING django.request: Not Found: /apple-touch-icon-120x120-precomposed.png
[2025-03-27 17:02:41,400] WARNING django.request: Not Found: /apple-touch-icon-120x120.png
[2025-03-27 17:03:30,323] WARNING django.request: Not Found: /apple-touch-icon-precomposed.png
[2025-03-27 17:03:30,717] WARNING django.request: Not Found: /favicon.ico
[2025-03-27 17:03:30,790] WARNING django.request: Not Found: /apple-touch-icon.png
[2025-03-27 17:05:59,246] WARNING django.request: Not Found: /cgi-bin/luci/;stok=/domain_login
[2025-03-27 17:07:11,119] WARNING django.request: Not Found: /cgi-bin/luci/;stok=/domain_login
[2025-03-27 17:08:15,521] WARNING django.request: Not Found: /static/orders/css/styles.css
[2025-03-27 17:08:15,523] WARNING django.request: Not Found: /static/orders/images/logo.png
[2025-03-27 17:08:15,525] WARNING django.request: Not Found: /static/orders/images/image1.jpg
[2025-03-27 17:08:15,593] WARNING django.request: Not Found: /static/orders/images/image2.jpg
[2025-03-27 17:08:15,595] WARNING django.request: Not Found: /static/orders/images/image3.jpg
[2025-03-27 17:08:15,647] WARNING django.request: Not Found: /static/orders/images/image4.jpg
[2025-03-27 17:08:15,648] WARNING django.request: Not Found: /static/orders/js/scripts.js
[2025-03-27 17:08:15,651] WARNING django.request: Not Found: /static/orders/images/image6.jpg
[2025-03-27 17:08:15,684] WARNING django.request: Not Found: /static/orders/images/image5.jpg
[2025-03-27 17:08:15,926] WARNING django.request: Not Found: /static/orders/images/image8.jpg
[2025-03-27 17:08:15,927] WARNING django.request: Not Found: /static/orders/images/image7.jpg
[2025-03-27 17:08:15,946] WARNING django.request: Not Found: /static/orders/files/menu.jpg
[2025-03-27 17:08:15,992] WARNING django.request: Not Found: /favicon.ico
[2025-03-27 17:08:15,993] WARNING django.request: Not Found: /static/orders/manifest.json
[2025-03-27 17:08:22,341] WARNING django.request: Not Found: /static/orders/images/logo.png
[2025-03-27 17:08:22,342] WARNING django.request: Not Found: /static/orders/images/image1.jpg
[2025-03-27 17:08:22,343] WARNING django.request: Not Found: /static/orders/css/styles.css
[2025-03-27 17:08:22,365] WARNING django.request: Not Found: /static/orders/images/image2.jpg
[2025-03-27 17:08:22,378] WARNING django.request: Not Found: /static/orders/images/image3.jpg
[2025-03-27 17:08:22,409] WARNING django.request: Not Found: /static/orders/images/image4.jpg
[2025-03-27 17:08:22,464] WARNING django.request: Not Found: /static/orders/js/scripts.js
[2025-03-27 17:08:22,465] WARNING django.request: Not Found: /static/orders/images/image7.jpg
[2025-03-27 17:08:22,466] WARNING django.request: Not Found: /static/orders/images/image8.jpg
[2025-03-27 17:08:22,467] WARNING django.request: Not Found: /static/orders/images/image6.jpg
[2025-03-27 17:08:22,525] WARNING django.request: Not Found: /static/orders/images/image5.jpg
[2025-03-27 17:08:22,531] WARNING django.request: Not Found: /static/orders/files/menu.jpg
[2025-03-27 17:08:22,718] WARNING django.request: Not Found: /static/orders/manifest.json
[2025-03-27 17:08:22,720] WARNING django.request: Not Found: /favicon.ico
[2025-03-27 17:08:30,060] WARNING django.request: Not Found: /robots.txt
[2025-03-27 17:08:30,396] WARNING django.request: Not Found: /robots.txt
[2025-03-27 17:08:30,919] WARNING django.request: Not Found: /ads.txt
[2025-03-27 17:08:32,562] WARNING django.request: Not Found: /ads.txt
[2025-03-27 17:08:52,984] WARNING django.request: Not Found: /static/orders/css/styles.css
[2025-03-27 17:08:52,994] WARNING django.request: Not Found: /static/orders/images/logo.png
[2025-03-27 17:08:52,997] WARNING django.request: Not Found: /static/orders/images/image1.jpg
[2025-03-27 17:08:53,110] WARNING django.request: Not Found: /static/orders/images/image2.jpg
[2025-03-27 17:08:53,214] WARNING django.request: Not Found: /static/orders/images/image4.jpg
[2025-03-27 17:08:53,215] WARNING django.request: Not Found: /static/orders/images/image3.jpg
[2025-03-27 17:08:53,245] WARNING django.request: Not Found: /static/orders/images/image5.jpg
[2025-03-27 17:08:53,246] WARNING django.request: Not Found: /static/orders/images/image6.jpg
[2025-03-27 17:08:53,250] WARNING django.request: Not Found: /static/orders/images/image8.jpg
[2025-03-27 17:08:53,262] WARNING django.request: Not Found: /static/orders/images/image7.jpg
[2025-03-27 17:08:53,330] WARNING django.request: Not Found: /static/orders/js/scripts.js
[2025-03-27 17:08:53,341] WARNING django.request: Not Found: /static/orders/files/menu.jpg
[2025-03-27 17:08:53,369] WARNING django.request: Not Found: /favicon.ico
[2025-03-27 17:09:15,119] WARNING django.request: Not Found: /static/orders/css/styles.css
[2025-03-27 17:09:15,119] WARNING django.request: Not Found: /static/orders/images/logo.png
[2025-03-27 17:09:15,121] WARNING django.request: Not Found: /static/orders/images/image1.jpg
[2025-03-27 17:09:15,205] WARNING django.request: Not Found: /static/orders/images/image2.jpg
[2025-03-27 17:09:15,213] WARNING django.request: Not Found: /static/orders/images/image3.jpg
[2025-03-27 17:09:15,208] WARNING django.request: Not Found: /static/orders/js/scripts.js
[2025-03-27 17:09:15,207] WARNING django.request: Not Found: /static/orders/images/image8.jpg
[2025-03-27 17:09:15,214] WARNING django.request: Not Found: /static/orders/images/image7.jpg
[2025-03-27 17:09:15,218] WARNING django.request: Not Found: /static/orders/images/image4.jpg
[2025-03-27 17:09:15,240] WARNING django.request: Not Found: /static/orders/images/image6.jpg
[2025-03-27 17:09:15,271] WARNING django.request: Not Found: /static/orders/images/image5.jpg
[2025-03-27 17:09:15,275] WARNING django.request: Not Found: /static/orders/files/menu.jpg
[2025-03-27 17:09:50,002] WARNING django.request: Not Found: /favicon.ico
[2025-03-27 17:10:08,990] WARNING django.request: Not Found: /favicon.ico
[2025-03-27 17:11:11,154] WARNING django.request: Not Found: /apple-touch-icon-precomposed.png
[2025-03-27 17:11:11,517] WARNING django.request: Not Found: /apple-touch-icon.png
[2025-03-27 17:11:11,633] WARNING django.request: Not Found: /favicon.ico
[2025-03-27 17:13:09,345] WARNING django.request: Not Found: /favicon.ico
[2025-03-27 17:13:22,733] WARNING django.request: Not Found: /favicon.ico
[2025-03-27 17:15:53,338] INFO vendors.utils: Sending push notification with payload: {'title': 'Order Update', 'body': 'Your order 111 is now ready.', 'token_no': '111', 'status': 'ready', 'counter_no': '3'} to subscription: {'endpoint': 'https://fcm.googleapis.com/fcm/send/cd6LyR8l46Q:APA91bFSAJRK5SN1tZmq_v1rrwMs_jF8xjptL9m9u9YkDrKMY-DyXGI4d2wbcpuSb5_X_DMvsqwDya6MSVANbliufbmGLTStDG3e-fZJigqTfJlatm4MQKSaShlGHm2CCq1il97ubwck', 'keys': {'p256dh': 'BK7wQJccvJ15wPxF-xD5gB1JqrPSDpwOJOn3n4ccKr1Eb4SrsJUeL0d861n8r-JdMqKeSWqMROAuv8Zdy6t-G1Y', 'auth': 'BxDOvHVm3Xg9dAzQXDY5VQ'}}
[2025-03-27 17:15:54,074] INFO vendors.utils: Push notification sent successfully.
[2025-03-27 17:18:36,404] WARNING django.request: Not Found: /boaform/admin/formLogin
[2025-03-27 17:20:18,687] WARNING django.request: Not Found: /boaform/admin/formLogin
[2025-03-27 17:21:06,886] WARNING django.request: Not Found: /favicon.ico
[2025-03-27 17:21:26,685] WARNING django.request: Not Found: /favicon.ico
[2025-03-27 17:25:18,057] WARNING django.request: Not Found: /favicon.ico
[2025-03-27 17:25:23,371] WARNING django.request: Not Found: /favicon.ico
[2025-03-27 17:25:26,115] WARNING django.request: Not Found: /favicon.ico
[2025-03-27 17:25:40,936] WARNING django.request: Not Found: /favicon.ico
[2025-03-27 17:34:59,341] WARNING django.request: Not Found: /boaform/admin/formLogin
[2025-03-27 17:38:32,080] WARNING django.request: Not Found: /robots.txt
[2025-03-27 17:38:32,319] WARNING django.request: Not Found: /robots.txt
[2025-03-27 17:40:47,674] WARNING django.request: Not Found: /favicon.ico
[2025-03-27 17:40:50,517] WARNING django.request: Not Found: /favicon.ico
[2025-03-27 17:40:53,247] WARNING django.request: Not Found: /favicon.ico
[2025-03-27 17:40:54,206] WARNING django.request: Not Found: /favicon.ico
[2025-03-27 17:40:54,922] WARNING django.request: Not Found: /favicon.ico
[2025-03-27 17:44:47,949] WARNING django.request: Not Found: /favicon.ico
[2025-03-27 17:46:12,272] WARNING django.request: Not Found: /favicon.ico
[2025-03-27 17:46:14,693] WARNING django.request: Not Found: /favicon.ico
[2025-03-27 17:46:32,952] WARNING django.request: Not Found: /favicon.ico
[2025-03-27 17:47:03,578] WARNING django.request: Not Found: /favicon.ico
[2025-03-27 17:47:17,157] WARNING django.request: Not Found: /favicon.ico
[2025-03-28 10:22:17,875] WARNING django.request: Not Found: /static/orders/css/styles.css
[2025-03-28 10:22:17,885] WARNING django.request: Not Found: /static/orders/images/logo.png
[2025-03-28 10:22:17,894] WARNING django.request: Not Found: /static/orders/images/image1.jpg
[2025-03-28 10:22:17,922] WARNING django.request: Not Found: /static/orders/images/image2.jpg
[2025-03-28 10:22:17,961] WARNING django.request: Not Found: /static/orders/images/image4.jpg
[2025-03-28 10:22:17,925] WARNING django.request: Not Found: /static/orders/images/image3.jpg
[2025-03-28 10:22:17,961] WARNING django.request: Not Found: /static/orders/js/scripts.js
[2025-03-28 10:22:17,982] WARNING django.request: Not Found: /static/orders/images/image5.jpg
[2025-03-28 10:22:17,986] WARNING django.request: Not Found: /static/orders/images/image6.jpg
[2025-03-28 10:22:18,090] WARNING django.request: Not Found: /static/orders/images/image8.jpg
[2025-03-28 10:22:18,098] WARNING django.request: Not Found: /static/orders/images/image7.jpg
[2025-03-28 10:22:18,117] WARNING django.request: Not Found: /static/orders/files/menu.jpg
[2025-03-28 10:22:18,170] WARNING django.request: Not Found: /favicon.ico
[2025-03-28 10:22:18,171] WARNING django.request: Not Found: /static/orders/manifest.json
[2025-03-28 10:22:45,043] WARNING django.request: Not Found: /static/orders/css/styles.css
[2025-03-28 10:22:45,046] WARNING django.request: Not Found: /static/orders/images/logo.png
[2025-03-28 10:22:45,059] WARNING django.request: Not Found: /static/orders/images/image1.jpg
[2025-03-28 10:22:45,101] WARNING django.request: Not Found: /static/orders/images/image2.jpg
[2025-03-28 10:22:45,111] WARNING django.request: Not Found: /static/orders/images/image3.jpg
[2025-03-28 10:22:45,147] WARNING django.request: Not Found: /static/orders/js/scripts.js
[2025-03-28 10:22:45,149] WARNING django.request: Not Found: /static/orders/images/image6.jpg
[2025-03-28 10:22:45,178] WARNING django.request: Not Found: /static/orders/images/image7.jpg
[2025-03-28 10:22:45,174] WARNING django.request: Not Found: /static/orders/images/image4.jpg
[2025-03-28 10:22:45,154] WARNING django.request: Not Found: /static/orders/images/image5.jpg
[2025-03-28 10:22:45,183] WARNING django.request: Not Found: /static/orders/images/image8.jpg
[2025-03-28 10:22:45,203] WARNING django.request: Not Found: /static/orders/files/menu.jpg
[2025-03-28 10:22:45,303] WARNING django.request: Not Found: /favicon.ico
[2025-03-28 10:22:47,855] WARNING django.request: Not Found: /static/orders/css/styles.css
[2025-03-28 10:22:47,862] WARNING django.request: Not Found: /static/orders/images/logo.png
[2025-03-28 10:22:47,864] WARNING django.request: Not Found: /static/orders/images/image1.jpg
[2025-03-28 10:22:47,896] WARNING django.request: Not Found: /static/orders/images/image2.jpg
[2025-03-28 10:22:47,898] WARNING django.request: Not Found: /static/orders/images/image3.jpg
[2025-03-28 10:22:47,899] WARNING django.request: Not Found: /static/orders/js/scripts.js
[2025-03-28 10:22:47,909] WARNING django.request: Not Found: /static/orders/images/image4.jpg
[2025-03-28 10:22:47,929] WARNING django.request: Not Found: /static/orders/images/image6.jpg
[2025-03-28 10:22:47,933] WARNING django.request: Not Found: /static/orders/images/image7.jpg
[2025-03-28 10:22:47,934] WARNING django.request: Not Found: /static/orders/images/image5.jpg
[2025-03-28 10:22:47,960] WARNING django.request: Not Found: /static/orders/images/image8.jpg
[2025-03-28 10:22:47,965] WARNING django.request: Not Found: /static/orders/files/menu.jpg
[2025-03-28 10:22:48,813] WARNING django.request: Not Found: /static/orders/css/styles.css
[2025-03-28 10:22:48,815] WARNING django.request: Not Found: /static/orders/images/image1.jpg
[2025-03-28 10:22:48,817] WARNING django.request: Not Found: /static/orders/images/logo.png
[2025-03-28 10:22:48,864] WARNING django.request: Not Found: /static/orders/images/image2.jpg
[2025-03-28 10:22:48,865] WARNING django.request: Not Found: /static/orders/images/image3.jpg
[2025-03-28 10:22:48,866] WARNING django.request: Not Found: /static/orders/images/image4.jpg
[2025-03-28 10:22:48,879] WARNING django.request: Not Found: /static/orders/js/scripts.js
[2025-03-28 10:22:48,887] WARNING django.request: Not Found: /static/orders/images/image5.jpg
[2025-03-28 10:22:48,910] WARNING django.request: Not Found: /static/orders/images/image7.jpg
[2025-03-28 10:22:48,918] WARNING django.request: Not Found: /static/orders/images/image8.jpg
[2025-03-28 10:22:48,922] WARNING django.request: Not Found: /static/orders/images/image6.jpg
[2025-03-28 10:22:48,946] WARNING django.request: Not Found: /static/orders/files/menu.jpg
[2025-03-28 10:22:49,577] WARNING django.request: Not Found: /static/orders/css/styles.css
[2025-03-28 10:22:49,578] WARNING django.request: Not Found: /static/orders/images/logo.png
[2025-03-28 10:22:49,579] WARNING django.request: Not Found: /static/orders/images/image1.jpg
[2025-03-28 10:22:49,642] WARNING django.request: Not Found: /static/orders/images/image2.jpg
[2025-03-28 10:22:49,643] WARNING django.request: Not Found: /static/orders/images/image3.jpg
[2025-03-28 10:22:49,648] WARNING django.request: Not Found: /static/orders/js/scripts.js
[2025-03-28 10:22:49,643] WARNING django.request: Not Found: /static/orders/images/image4.jpg
[2025-03-28 10:22:49,649] WARNING django.request: Not Found: /static/orders/images/image5.jpg
[2025-03-28 10:22:49,650] WARNING django.request: Not Found: /static/orders/images/image6.jpg
[2025-03-28 10:22:49,669] WARNING django.request: Not Found: /static/orders/images/image7.jpg
[2025-03-28 10:22:49,671] WARNING django.request: Not Found: /static/orders/images/image8.jpg
[2025-03-28 10:22:49,693] WARNING django.request: Not Found: /static/orders/files/menu.jpg
[2025-03-28 10:24:24,915] WARNING django.request: Not Found: /static/orders/css/styles.css
[2025-03-28 10:24:24,916] WARNING django.request: Not Found: /static/orders/images/logo.png
[2025-03-28 10:24:24,922] WARNING django.request: Not Found: /static/orders/images/image1.jpg
[2025-03-28 10:24:24,965] WARNING django.request: Not Found: /static/orders/images/image2.jpg
[2025-03-28 10:24:24,970] WARNING django.request: Not Found: /static/orders/images/image3.jpg
[2025-03-28 10:24:24,978] WARNING django.request: Not Found: /static/orders/images/image4.jpg
[2025-03-28 10:24:24,983] WARNING django.request: Not Found: /static/orders/images/image5.jpg
[2025-03-28 10:24:24,979] WARNING django.request: Not Found: /static/orders/js/scripts.js
[2025-03-28 10:24:24,986] WARNING django.request: Not Found: /static/orders/images/image6.jpg
[2025-03-28 10:24:24,993] WARNING django.request: Not Found: /static/orders/images/image7.jpg
[2025-03-28 10:24:25,013] WARNING django.request: Not Found: /static/orders/images/image8.jpg
[2025-03-28 10:24:25,026] WARNING django.request: Not Found: /static/orders/files/menu.jpg
[2025-03-28 10:24:26,040] WARNING django.request: Not Found: /static/orders/css/styles.css
[2025-03-28 10:24:26,045] WARNING django.request: Not Found: /static/orders/images/logo.png
[2025-03-28 10:24:26,047] WARNING django.request: Not Found: /static/orders/images/image1.jpg
[2025-03-28 10:24:26,080] WARNING django.request: Not Found: /static/orders/images/image2.jpg
[2025-03-28 10:24:26,082] WARNING django.request: Not Found: /static/orders/images/image3.jpg
[2025-03-28 10:24:26,085] WARNING django.request: Not Found: /static/orders/js/scripts.js
[2025-03-28 10:24:26,086] WARNING django.request: Not Found: /static/orders/images/image4.jpg
[2025-03-28 10:24:26,104] WARNING django.request: Not Found: /static/orders/images/image6.jpg
[2025-03-28 10:24:26,114] WARNING django.request: Not Found: /static/orders/images/image5.jpg
[2025-03-28 10:24:26,130] WARNING django.request: Not Found: /static/orders/images/image7.jpg
[2025-03-28 10:24:26,137] WARNING django.request: Not Found: /static/orders/images/image8.jpg
[2025-03-28 10:24:26,160] WARNING django.request: Not Found: /static/orders/files/menu.jpg
[2025-03-28 10:24:26,450] WARNING django.request: Not Found: /static/orders/css/styles.css
[2025-03-28 10:24:26,456] WARNING django.request: Not Found: /static/orders/images/image1.jpg
[2025-03-28 10:24:26,455] WARNING django.request: Not Found: /static/orders/images/logo.png
[2025-03-28 10:24:26,510] WARNING django.request: Not Found: /static/orders/images/image2.jpg
[2025-03-28 10:24:26,511] WARNING django.request: Not Found: /static/orders/images/image5.jpg
[2025-03-28 10:24:26,512] WARNING django.request: Not Found: /static/orders/images/image4.jpg
[2025-03-28 10:24:26,513] WARNING django.request: Not Found: /static/orders/images/image6.jpg
[2025-03-28 10:24:26,515] WARNING django.request: Not Found: /static/orders/images/image3.jpg
[2025-03-28 10:24:26,520] WARNING django.request: Not Found: /static/orders/js/scripts.js
[2025-03-28 10:24:26,540] WARNING django.request: Not Found: /static/orders/images/image8.jpg
[2025-03-28 10:24:26,532] WARNING django.request: Not Found: /static/orders/images/image7.jpg
[2025-03-28 10:24:26,562] WARNING django.request: Not Found: /static/orders/files/menu.jpg
[2025-03-28 10:25:23,564] WARNING django.request: Not Found: /static/orders/css/styles.css
[2025-03-28 10:25:23,581] WARNING django.request: Not Found: /static/orders/images/logo.png
[2025-03-28 10:25:23,587] WARNING django.request: Not Found: /static/orders/images/image1.jpg
[2025-03-28 10:25:23,625] WARNING django.request: Not Found: /static/orders/images/image2.jpg
[2025-03-28 10:25:23,628] WARNING django.request: Not Found: /static/orders/images/image3.jpg
[2025-03-28 10:25:23,632] WARNING django.request: Not Found: /static/orders/images/image8.jpg
[2025-03-28 10:25:23,634] WARNING django.request: Not Found: /static/orders/images/image4.jpg
[2025-03-28 10:25:23,640] WARNING django.request: Not Found: /static/orders/js/scripts.js
[2025-03-28 10:25:23,651] WARNING django.request: Not Found: /static/orders/images/image5.jpg
[2025-03-28 10:25:23,668] WARNING django.request: Not Found: /static/orders/images/image6.jpg
[2025-03-28 10:25:23,669] WARNING django.request: Not Found: /static/orders/images/image7.jpg
[2025-03-28 10:25:23,675] WARNING django.request: Not Found: /static/orders/files/menu.jpg
[2025-03-28 10:25:53,363] WARNING django.request: Not Found: /static/orders/images/logo.png
[2025-03-28 10:25:53,364] WARNING django.request: Not Found: /static/orders/css/styles.css
[2025-03-28 10:25:53,368] WARNING django.request: Not Found: /static/orders/images/image1.jpg
[2025-03-28 10:25:53,449] WARNING django.request: Not Found: /static/orders/images/image2.jpg
[2025-03-28 10:25:53,460] WARNING django.request: Not Found: /static/orders/images/image3.jpg
[2025-03-28 10:25:53,461] WARNING django.request: Not Found: /static/orders/images/image4.jpg
[2025-03-28 10:25:53,463] WARNING django.request: Not Found: /static/orders/images/image5.jpg
[2025-03-28 10:25:53,465] WARNING django.request: Not Found: /static/orders/images/image6.jpg
[2025-03-28 10:25:53,474] WARNING django.request: Not Found: /static/orders/js/scripts.js
[2025-03-28 10:25:53,489] WARNING django.request: Not Found: /static/orders/images/image8.jpg
[2025-03-28 10:25:53,492] WARNING django.request: Not Found: /static/orders/images/image7.jpg
[2025-03-28 10:25:53,520] WARNING django.request: Not Found: /static/orders/files/menu.jpg
[2025-03-28 10:25:56,088] WARNING django.request: Not Found: /static/orders/css/styles.css
[2025-03-28 10:25:56,090] WARNING django.request: Not Found: /static/orders/images/logo.png
[2025-03-28 10:25:56,094] WARNING django.request: Not Found: /static/orders/images/image1.jpg
[2025-03-28 10:25:56,136] WARNING django.request: Not Found: /static/orders/images/image2.jpg
[2025-03-28 10:25:56,140] WARNING django.request: Not Found: /static/orders/images/image3.jpg
[2025-03-28 10:25:56,153] WARNING django.request: Not Found: /static/orders/images/image4.jpg
[2025-03-28 10:25:56,320] WARNING django.request: Not Found: /static/orders/images/image7.jpg
[2025-03-28 10:25:56,321] WARNING django.request: Not Found: /static/orders/js/scripts.js
[2025-03-28 10:25:56,323] WARNING django.request: Not Found: /static/orders/images/image5.jpg
[2025-03-28 10:25:56,325] WARNING django.request: Not Found: /static/orders/images/image6.jpg
[2025-03-28 10:25:56,335] WARNING django.request: Not Found: /static/orders/images/image8.jpg
[2025-03-28 10:25:56,353] WARNING django.request: Not Found: /static/orders/files/menu.jpg
[2025-03-28 10:25:56,504] WARNING django.request: Not Found: /favicon.ico
[2025-03-28 10:26:12,175] WARNING django.request: Not Found: /static/orders/css/styles.css
[2025-03-28 10:26:12,177] WARNING django.request: Not Found: /static/orders/images/logo.png
[2025-03-28 10:26:12,201] WARNING django.request: Not Found: /static/orders/images/image1.jpg
[2025-03-28 10:26:12,220] WARNING django.request: Not Found: /static/orders/images/image2.jpg
[2025-03-28 10:26:12,234] WARNING django.request: Not Found: /static/orders/images/image3.jpg
[2025-03-28 10:26:12,251] WARNING django.request: Not Found: /static/orders/images/image4.jpg
[2025-03-28 10:26:12,363] WARNING django.request: Not Found: /static/orders/js/scripts.js
[2025-03-28 10:26:12,455] WARNING django.request: Not Found: /static/orders/images/image5.jpg
[2025-03-28 10:26:12,463] WARNING django.request: Not Found: /static/orders/images/image6.jpg
[2025-03-28 10:26:12,480] WARNING django.request: Not Found: /static/orders/images/image7.jpg
[2025-03-28 10:26:12,539] WARNING django.request: Not Found: /static/orders/images/image8.jpg
[2025-03-28 10:26:12,554] WARNING django.request: Not Found: /static/orders/files/menu.jpg
[2025-03-28 10:26:12,584] WARNING django.request: Not Found: /favicon.ico
[2025-03-28 10:26:12,897] WARNING django.request: Not Found: /static/orders/manifest.json
[2025-03-28 10:26:19,548] WARNING django.request: Not Found: /static/orders/css/styles.css
[2025-03-28 10:26:19,549] WARNING django.request: Not Found: /static/orders/images/logo.png
[2025-03-28 10:26:19,550] WARNING django.request: Not Found: /static/orders/images/image1.jpg
[2025-03-28 10:26:19,581] WARNING django.request: Not Found: /static/orders/images/image2.jpg
[2025-03-28 10:26:19,607] WARNING django.request: Not Found: /static/orders/images/image3.jpg
[2025-03-28 10:26:19,609] WARNING django.request: Not Found: /static/orders/images/image4.jpg
[2025-03-28 10:26:19,703] WARNING django.request: Not Found: /static/orders/js/scripts.js
[2025-03-28 10:26:19,704] WARNING django.request: Not Found: /static/orders/images/image6.jpg
[2025-03-28 10:26:19,705] WARNING django.request: Not Found: /static/orders/images/image7.jpg
[2025-03-28 10:26:19,705] WARNING django.request: Not Found: /static/orders/images/image8.jpg
[2025-03-28 10:26:19,758] WARNING django.request: Not Found: /static/orders/files/menu.jpg
[2025-03-28 10:26:19,799] WARNING django.request: Not Found: /static/orders/images/image5.jpg
[2025-03-28 10:26:19,870] WARNING django.request: Not Found: /favicon.ico
[2025-03-28 10:26:19,871] WARNING django.request: Not Found: /static/orders/manifest.json
[2025-03-28 10:28:29,798] WARNING django.request: Not Found: /static/orders/css/styles.css
[2025-03-28 10:28:29,805] WARNING django.request: Not Found: /static/orders/images/image1.jpg
[2025-03-28 10:28:29,806] WARNING django.request: Not Found: /static/orders/images/logo.png
[2025-03-28 10:28:29,870] WARNING django.request: Not Found: /static/orders/images/image2.jpg
[2025-03-28 10:28:29,877] WARNING django.request: Not Found: /static/orders/images/image3.jpg
[2025-03-28 10:28:29,885] WARNING django.request: Not Found: /static/orders/images/image4.jpg
[2025-03-28 10:28:29,893] WARNING django.request: Not Found: /static/orders/js/scripts.js
[2025-03-28 10:28:29,903] WARNING django.request: Not Found: /static/orders/images/image5.jpg
[2025-03-28 10:28:29,923] WARNING django.request: Not Found: /static/orders/images/image8.jpg
[2025-03-28 10:28:29,924] WARNING django.request: Not Found: /static/orders/images/image6.jpg
[2025-03-28 10:28:29,940] WARNING django.request: Not Found: /static/orders/images/image7.jpg
[2025-03-28 10:28:29,957] WARNING django.request: Not Found: /static/orders/files/menu.jpg
[2025-03-28 10:28:29,992] WARNING django.request: Not Found: /static/orders/manifest.json
[2025-03-28 10:28:30,925] WARNING django.request: Not Found: /static/orders/css/styles.css
[2025-03-28 10:28:30,931] WARNING django.request: Not Found: /static/orders/images/image1.jpg
[2025-03-28 10:28:30,938] WARNING django.request: Not Found: /static/orders/images/logo.png
[2025-03-28 10:28:30,991] WARNING django.request: Not Found: /static/orders/images/image2.jpg
[2025-03-28 10:28:30,992] WARNING django.request: Not Found: /static/orders/images/image5.jpg
[2025-03-28 10:28:30,993] WARNING django.request: Not Found: /static/orders/images/image3.jpg
[2025-03-28 10:28:31,017] WARNING django.request: Not Found: /static/orders/images/image6.jpg
[2025-03-28 10:28:30,997] WARNING django.request: Not Found: /static/orders/js/scripts.js
[2025-03-28 10:28:30,994] WARNING django.request: Not Found: /static/orders/images/image4.jpg
[2025-03-28 10:28:31,024] WARNING django.request: Not Found: /static/orders/images/image7.jpg
[2025-03-28 10:28:31,046] WARNING django.request: Not Found: /static/orders/images/image8.jpg
[2025-03-28 10:28:31,051] WARNING django.request: Not Found: /static/orders/files/menu.jpg
[2025-03-28 10:28:31,090] WARNING django.request: Not Found: /static/orders/manifest.json
[2025-03-28 10:28:31,393] WARNING django.request: Not Found: /static/orders/css/styles.css
[2025-03-28 10:28:31,398] WARNING django.request: Not Found: /static/orders/images/logo.png
[2025-03-28 10:28:31,400] WARNING django.request: Not Found: /static/orders/images/image1.jpg
[2025-03-28 10:28:31,459] WARNING django.request: Not Found: /static/orders/images/image2.jpg
[2025-03-28 10:28:31,460] WARNING django.request: Not Found: /static/orders/images/image3.jpg
[2025-03-28 10:28:31,472] WARNING django.request: Not Found: /static/orders/images/image4.jpg
[2025-03-28 10:28:31,489] WARNING django.request: Not Found: /static/orders/js/scripts.js
[2025-03-28 10:28:31,491] WARNING django.request: Not Found: /static/orders/images/image8.jpg
[2025-03-28 10:28:31,493] WARNING django.request: Not Found: /static/orders/images/image5.jpg
[2025-03-28 10:28:31,516] WARNING django.request: Not Found: /static/orders/images/image7.jpg
[2025-03-28 10:28:31,522] WARNING django.request: Not Found: /static/orders/images/image6.jpg
[2025-03-28 10:28:31,550] WARNING django.request: Not Found: /static/orders/files/menu.jpg
[2025-03-28 10:28:31,580] WARNING django.request: Not Found: /static/orders/manifest.json
[2025-03-28 10:28:31,850] WARNING django.request: Not Found: /static/orders/css/styles.css
[2025-03-28 10:28:31,851] WARNING django.request: Not Found: /static/orders/images/logo.png
[2025-03-28 10:28:31,851] WARNING django.request: Not Found: /static/orders/images/image1.jpg
[2025-03-28 10:28:31,900] WARNING django.request: Not Found: /static/orders/images/image2.jpg
[2025-03-28 10:28:31,906] WARNING django.request: Not Found: /static/orders/images/image5.jpg
[2025-03-28 10:28:31,906] WARNING django.request: Not Found: /static/orders/images/image4.jpg
[2025-03-28 10:28:31,912] WARNING django.request: Not Found: /static/orders/images/image3.jpg
[2025-03-28 10:28:31,933] WARNING django.request: Not Found: /static/orders/js/scripts.js
[2025-03-28 10:28:31,956] WARNING django.request: Not Found: /static/orders/images/image6.jpg
[2025-03-28 10:28:32,027] WARNING django.request: Not Found: /static/orders/images/image8.jpg
[2025-03-28 10:28:32,038] WARNING django.request: Not Found: /static/orders/images/image7.jpg
[2025-03-28 10:28:32,041] WARNING django.request: Not Found: /static/orders/files/menu.jpg
[2025-03-28 10:28:32,187] WARNING django.request: Not Found: /static/orders/manifest.json
[2025-03-28 10:28:32,298] WARNING django.request: Not Found: /static/orders/css/styles.css
[2025-03-28 10:28:32,299] WARNING django.request: Not Found: /static/orders/images/logo.png
[2025-03-28 10:28:32,301] WARNING django.request: Not Found: /static/orders/images/image1.jpg
[2025-03-28 10:28:32,356] WARNING django.request: Not Found: /static/orders/images/image2.jpg
[2025-03-28 10:28:32,357] WARNING django.request: Not Found: /static/orders/images/image3.jpg
[2025-03-28 10:28:32,359] WARNING django.request: Not Found: /static/orders/images/image4.jpg
[2025-03-28 10:28:32,363] WARNING django.request: Not Found: /static/orders/js/scripts.js
[2025-03-28 10:28:32,366] WARNING django.request: Not Found: /static/orders/images/image5.jpg
[2025-03-28 10:28:32,393] WARNING django.request: Not Found: /static/orders/images/image6.jpg
[2025-03-28 10:28:32,408] WARNING django.request: Not Found: /static/orders/images/image8.jpg
[2025-03-28 10:28:32,416] WARNING django.request: Not Found: /static/orders/images/image7.jpg
[2025-03-28 10:28:32,427] WARNING django.request: Not Found: /static/orders/files/menu.jpg
[2025-03-28 10:28:32,458] WARNING django.request: Not Found: /static/orders/manifest.json
[2025-03-28 10:30:48,610] WARNING django.request: Not Found: /static/orders/css/styles.css
[2025-03-28 10:30:48,611] WARNING django.request: Not Found: /static/orders/images/logo.png
[2025-03-28 10:30:48,613] WARNING django.request: Not Found: /static/orders/images/image1.jpg
[2025-03-28 10:30:48,631] WARNING django.request: Not Found: /static/orders/images/image2.jpg
[2025-03-28 10:30:48,633] WARNING django.request: Not Found: /static/orders/images/image3.jpg
[2025-03-28 10:30:48,648] WARNING django.request: Not Found: /static/orders/images/image4.jpg
[2025-03-28 10:30:48,743] WARNING django.request: Not Found: /static/orders/js/scripts.js
[2025-03-28 10:30:48,745] WARNING django.request: Not Found: /static/orders/images/image5.jpg
[2025-03-28 10:30:48,745] WARNING django.request: Not Found: /static/orders/images/image6.jpg
[2025-03-28 10:30:48,759] WARNING django.request: Not Found: /static/orders/images/image7.jpg
[2025-03-28 10:30:48,883] WARNING django.request: Not Found: /static/orders/images/image8.jpg
[2025-03-28 10:30:48,890] WARNING django.request: Not Found: /static/orders/files/menu.jpg
[2025-03-28 10:30:48,925] WARNING django.request: Not Found: /favicon.ico
[2025-03-28 10:30:49,240] WARNING django.request: Not Found: /static/orders/manifest.json
[2025-03-28 10:31:07,522] WARNING django.request: Not Found: /favicon.ico
[2025-03-28 11:14:50,458] WARNING django.request: Not Found: /static/orders/css/styles.css
[2025-03-28 11:14:50,486] WARNING django.request: Not Found: /static/orders/images/image1.jpg
[2025-03-28 11:14:50,525] WARNING django.request: Not Found: /static/orders/images/image2.jpg
[2025-03-28 11:14:50,547] WARNING django.request: Not Found: /static/orders/images/image3.jpg
[2025-03-28 11:14:50,582] WARNING django.request: Not Found: /static/orders/images/image4.jpg
[2025-03-28 11:14:50,680] WARNING django.request: Not Found: /static/orders/js/scripts.js
[2025-03-28 11:14:50,858] WARNING django.request: Not Found: /static/orders/images/image5.jpg
[2025-03-28 11:14:50,865] WARNING django.request: Not Found: /static/orders/images/image6.jpg
[2025-03-28 11:14:50,910] WARNING django.request: Not Found: /static/orders/images/image7.jpg
[2025-03-28 11:14:50,962] WARNING django.request: Not Found: /static/orders/files/menu.jpg
[2025-03-28 11:14:50,963] WARNING django.request: Not Found: /static/orders/images/image8.jpg
[2025-03-28 11:14:52,490] WARNING django.request: Not Found: /static/orders/images/logo.png
[2025-03-28 11:14:52,550] WARNING django.request: Not Found: /favicon.ico
[2025-03-28 11:14:52,987] WARNING django.request: Not Found: /static/orders/manifest.json
[2025-03-28 11:16:22,257] WARNING django.request: Not Found: /static/orders/css/styles.css
[2025-03-28 11:16:22,394] WARNING django.request: Not Found: /static/orders/images/image1.jpg
[2025-03-28 11:16:22,430] WARNING django.request: Not Found: /static/orders/images/image5.jpg
[2025-03-28 11:16:22,526] WARNING django.request: Not Found: /static/orders/images/image6.jpg
[2025-03-28 11:16:22,589] WARNING django.request: Not Found: /static/orders/images/image8.jpg
[2025-03-28 11:16:22,599] WARNING django.request: Not Found: /static/orders/images/image7.jpg
[2025-03-28 11:16:22,640] WARNING django.request: Not Found: /static/orders/images/image3.jpg
[2025-03-28 11:16:22,640] WARNING django.request: Not Found: /static/orders/images/image2.jpg
[2025-03-28 11:16:22,924] WARNING django.request: Not Found: /static/orders/images/image4.jpg
[2025-03-28 11:16:22,930] WARNING django.request: Not Found: /static/orders/js/scripts.js
[2025-03-28 11:16:22,938] WARNING django.request: Not Found: /static/orders/files/menu.jpg
[2025-03-28 11:16:24,292] WARNING django.request: Not Found: /static/orders/images/logo.png
[2025-03-28 11:16:24,758] WARNING django.request: Not Found: /static/orders/manifest.json
[2025-03-28 11:16:27,686] WARNING django.request: Not Found: /static/orders/css/styles.css
[2025-03-28 11:16:27,742] WARNING django.request: Not Found: /static/orders/manifest.json
[2025-03-28 11:16:34,533] WARNING django.request: Not Found: /static/orders/css/styles.css
[2025-03-28 11:16:34,543] WARNING django.request: Not Found: /static/orders/images/logo.png
[2025-03-28 11:16:34,549] WARNING django.request: Not Found: /static/orders/images/image1.jpg
[2025-03-28 11:16:34,620] WARNING django.request: Not Found: /static/orders/images/image2.jpg
[2025-03-28 11:16:34,681] WARNING django.request: Not Found: /static/orders/images/image3.jpg
[2025-03-28 11:16:34,712] WARNING django.request: Not Found: /static/orders/images/image4.jpg
[2025-03-28 11:16:34,821] WARNING django.request: Not Found: /static/orders/js/scripts.js
[2025-03-28 11:16:34,822] WARNING django.request: Not Found: /static/orders/images/image7.jpg
[2025-03-28 11:16:34,916] WARNING django.request: Not Found: /static/orders/images/image5.jpg
[2025-03-28 11:16:34,917] WARNING django.request: Not Found: /static/orders/images/image6.jpg
[2025-03-28 11:16:34,993] WARNING django.request: Not Found: /static/orders/images/image8.jpg
[2025-03-28 11:16:34,995] WARNING django.request: Not Found: /static/orders/files/menu.jpg
[2025-03-28 11:16:35,240] WARNING django.request: Not Found: /static/orders/manifest.json
[2025-03-28 11:16:35,240] WARNING django.request: Not Found: /favicon.ico
[2025-03-28 11:18:32,880] WARNING django.request: Not Found: /favicon.ico
[2025-03-28 11:18:59,355] WARNING django.request: Not Found: /static/orders/images/image1.jpg
[2025-03-28 11:39:38,636] WARNING django.request: Not Found: /favicon.ico
[2025-03-28 11:39:49,486] WARNING django.request: Not Found: /favicon.ico
[2025-03-28 11:41:11,594] WARNING django.request: Not Found: /favicon.ico
[2025-03-28 11:41:26,819] WARNING django.request: Not Found: /favicon.ico
[2025-03-28 11:45:53,733] WARNING django.request: Not Found: /favicon.ico
[2025-03-28 11:46:01,305] WARNING django.request: Not Found: /favicon.ico
[2025-03-28 11:46:52,879] INFO vendors.utils: Sending push notification with payload: {'title': 'Order Update', 'body': 'Your order 100 is now ready.', 'token_no': '100', 'status': 'ready', 'counter_no': '3'} to subscription: {'endpoint': 'https://fcm.googleapis.com/fcm/send/doUfpIMO9k8:APA91bHgIG5hdBEdALyPMOLEGR8bHWjOnhZRri_ujkCJsp6IlBd4rZiSx6D_9m1Bdnfwpm4losU79PP-AkxVH5M-zMUEqXf-JGoCf7vqaFYxPuWiD0icC_rzysqYJTEPKU_vEyaoBlRt', 'keys': {'p256dh': 'BHo3hzaPGScE0colbcZmlVCujuBrmmsJQJ28l_uGOirixtZJVsQX50cm7CWOh4hFU9Eq5jgOYSkkK8cXT0j8T4s', 'auth': 'lF1AukqiJffTJoU-CK2FpQ'}}
[2025-03-28 11:46:53,558] INFO vendors.utils: Push notification sent successfully.
[2025-03-28 11:46:53,560] INFO vendors.utils: Sending push notification with payload: {'title': 'Order Update', 'body': 'Your order 100 is now ready.', 'token_no': '100', 'status': 'ready', 'counter_no': '3'} to subscription: {'endpoint': 'https://fcm.googleapis.com/fcm/send/f5cLuBNmAXM:APA91bH9d36dKo8s-ysubdb4GxQAjuQU-XKMeU-f5itLRLxAM7ozeIHE9TCkyNCcxe_diKfvro6XOC9DI9gWGVfw2k92jr3jJHiHj8XUuY2Rm5fWCPYEMxrfhoC-06Oyn3lQpnGD5h2O', 'keys': {'p256dh': 'BDQYQlun8rexVmPECkpZxjPBwAFWlCnyWUZcIHrjvHRg2IoE7glbIaUClaCOBbCP9rXVkIzJ42b_y04SqLIHh8Q', 'auth': 'MmuoL31O42DxWwFoQOMnuQ'}}
[2025-03-28 11:46:53,771] INFO vendors.utils: Push notification sent successfully.
[2025-03-28 11:46:54,799] WARNING django.request: Not Found: /favicon.ico
[2025-03-28 11:48:39,639] INFO vendors.utils: Sending push notification with payload: {'title': 'Order Update', 'body': 'Your order 1 is now ready.', 'token_no': 1, 'status': 'ready', 'counter_no': 1} to subscription: {'endpoint': 'https://fcm.googleapis.com/fcm/send/dSn3LL3w6j8:APA91bHn55WUtmsrUaRyR7O8Wlvfe7QYpd6AYbXbD9RftLTFn4UpAv9qoktA3we2kq-Ec5WgqJ8uamoBZcEa2CTPM_BysJKNQBX7qW6BWIkgAom-KqPyMYFYSVEPj_WniVTgnodOX5jc', 'keys': {'p256dh': 'BLrVq0Rl5HCFTwCDiRFbUQHDZvJF_AEMFEU8dCepMKuNtyXKCyU-dYrtRTeM0cnB4N8D6rIU7UzabyVNrNNdT6I', 'auth': 'mkHSy6pzYiWoraKUzhvQCg'}}
[2025-03-28 11:48:40,246] INFO vendors.utils: Push notification sent successfully.
[2025-03-28 11:48:44,161] WARNING django.request: Not Found: /favicon.ico
[2025-03-28 11:48:47,974] INFO vendors.utils: Sending push notification with payload: {'title': 'Order Update', 'body': 'Your order 1 is now ready.', 'token_no': 1, 'status': 'ready', 'counter_no': 2} to subscription: {'endpoint': 'https://fcm.googleapis.com/fcm/send/dSn3LL3w6j8:APA91bHn55WUtmsrUaRyR7O8Wlvfe7QYpd6AYbXbD9RftLTFn4UpAv9qoktA3we2kq-Ec5WgqJ8uamoBZcEa2CTPM_BysJKNQBX7qW6BWIkgAom-KqPyMYFYSVEPj_WniVTgnodOX5jc', 'keys': {'p256dh': 'BLrVq0Rl5HCFTwCDiRFbUQHDZvJF_AEMFEU8dCepMKuNtyXKCyU-dYrtRTeM0cnB4N8D6rIU7UzabyVNrNNdT6I', 'auth': 'mkHSy6pzYiWoraKUzhvQCg'}}
[2025-03-28 11:48:48,180] INFO vendors.utils: Push notification sent successfully.
[2025-03-28 11:51:46,257] WARNING django.request: Not Found: /static/orders/css/styles.css
[2025-03-28 11:51:46,294] WARNING django.request: Not Found: /static/orders/images/logo.png
[2025-03-28 11:51:46,297] WARNING django.request: Not Found: /static/orders/images/image1.jpg
[2025-03-28 11:51:46,312] WARNING django.request: Not Found: /static/orders/images/image2.jpg
[2025-03-28 11:51:46,339] WARNING django.request: Not Found: /static/orders/images/image3.jpg
[2025-03-28 11:51:46,342] WARNING django.request: Not Found: /static/orders/images/image4.jpg
[2025-03-28 11:51:46,429] WARNING django.request: Not Found: /static/orders/js/scripts.js
[2025-03-28 11:51:46,452] WARNING django.request: Not Found: /static/orders/images/image5.jpg
[2025-03-28 11:51:46,486] WARNING django.request: Not Found: /static/orders/images/image6.jpg
[2025-03-28 11:51:46,523] WARNING django.request: Not Found: /static/orders/images/image7.jpg
[2025-03-28 11:51:46,543] WARNING django.request: Not Found: /static/orders/images/image8.jpg
[2025-03-28 11:51:46,562] WARNING django.request: Not Found: /static/orders/files/menu.jpg
[2025-03-28 11:51:50,125] WARNING django.request: Not Found: /static/admin/css/base.css
[2025-03-28 11:51:50,137] WARNING django.request: Not Found: /static/admin/css/dark_mode.css
[2025-03-28 11:51:50,137] WARNING django.request: Not Found: /static/admin/css/nav_sidebar.css
[2025-03-28 11:51:50,138] WARNING django.request: Not Found: /static/admin/js/theme.js
[2025-03-28 11:51:50,153] WARNING django.request: Not Found: /static/admin/css/responsive.css
[2025-03-28 11:51:50,167] WARNING django.request: Not Found: /static/admin/css/login.css
[2025-03-28 11:51:50,210] WARNING django.request: Not Found: /static/admin/css/nav_sidebar.css
[2025-03-28 11:51:50,214] WARNING django.request: Not Found: /static/admin/js/nav_sidebar.js
[2025-03-28 11:51:50,335] WARNING django.request: Not Found: /favicon.ico
[2025-03-28 11:52:20,011] WARNING django.request: Not Found: /favicon.ico
